Using pre-set license
Built from '2020.2/release' branch; Version is '2020.2.4f1 (becced5a802b) revision 12504301'; Using compiler version '192528614'; Build Type 'Release'
OS: 'Windows 10 Home; OS build 19042.1288; Version 2009; 64bit' Language: 'en' Physical Memory: 7973 MB
BatchMode: 1, IsHumanControllingUs: 0, StartBugReporterOnCrash: 0, Is64bit: 1, IsPro: 0

 COMMAND LINE ARGUMENTS:
C:\Program Files\Unity\Hub\Editor\2020.2.4f1\Editor\Unity.exe
-adb2
-batchMode
-noUpm
-name
AssetImportWorker0
-projectPath
C:/Users/zaxia/Documents/Unity project/13934447_Assess3
-logFile
Logs/AssetImportWorker0.log
-srvPort
2036
Successfully changed project path to: C:/Users/zaxia/Documents/Unity project/13934447_Assess3
C:/Users/zaxia/Documents/Unity project/13934447_Assess3
Using Asset Import Pipeline V2.
Refreshing native plugins compatible for Editor in 37.30 ms, found 1 plugins.
Preloading 0 native plugins for Editor in 0.00 ms.
Initialize engine version: 2020.2.4f1 (becced5a802b)
[Subsystems] Discovering subsystems at path C:/Program Files/Unity/Hub/Editor/2020.2.4f1/Editor/Data/Resources/UnitySubsystems
[Subsystems] Discovering subsystems at path C:/Users/zaxia/Documents/Unity project/13934447_Assess3/Assets
GfxDevice: creating device client; threaded=0
Direct3D:
    Version:  Direct3D 11.0 [level 11.1]
    Renderer: NVIDIA GeForce GTX 1650 (ID=0x1f91)
    Vendor:   
    VRAM:     3964 MB
    Driver:   30.0.14.7212
Initialize mono
Mono path[0] = 'C:/Program Files/Unity/Hub/Editor/2020.2.4f1/Editor/Data/Managed'
Mono path[1] = 'C:/Program Files/Unity/Hub/Editor/2020.2.4f1/Editor/Data/MonoBleedingEdge/lib/mono/unityjit'
Mono config path = 'C:/Program Files/Unity/Hub/Editor/2020.2.4f1/Editor/Data/MonoBleedingEdge/etc'
Using monoOptions --debugger-agent=transport=dt_socket,embedding=1,server=y,suspend=n,address=127.0.0.1:56016
Begin MonoManager ReloadAssembly
Registering precompiled unity dll's ...
Register platform support module: C:/Program Files/Unity/Hub/Editor/2020.2.4f1/Editor/Data/PlaybackEngines/WindowsStandaloneSupport/UnityEditor.WindowsStandalone.Extensions.dll
Registered in 0.002038 seconds.
Native extension for WindowsStandalone target not found
Refreshing native plugins compatible for Editor in 31.00 ms, found 1 plugins.
Preloading 0 native plugins for Editor in 0.00 ms.
Invoked RoslynAnalysisRunner static constructor.
RoslynAnalysisRunner will not be running.
RoslynAnalysisRunner has terminated.
Mono: successfully reloaded assembly
- Completed reload, in  0.918 seconds
Platform modules already initialized, skipping
Registering precompiled user dll's ...
Registered in 0.001014 seconds.
Begin MonoManager ReloadAssembly
Native extension for WindowsStandalone target not found
Refreshing native plugins compatible for Editor in 31.51 ms, found 1 plugins.
Preloading 0 native plugins for Editor in 0.00 ms.
Invoked RoslynAnalysisRunner static constructor.
RoslynAnalysisRunner will not be running.
RoslynAnalysisRunner has terminated.
Mono: successfully reloaded assembly
- Completed reload, in  0.850 seconds
Platform modules already initialized, skipping
========================================================================
Worker process is ready to serve import requests
Launched and connected shader compiler UnityShaderCompiler.exe after 0.05 seconds
Refreshing native plugins compatible for Editor in 0.32 ms, found 1 plugins.
Preloading 0 native plugins for Editor in 0.00 ms.
Unloading 1797 Unused Serialized files (Serialized files now loaded: 0)
System memory in use before: 84.3 MB.
System memory in use after: 84.3 MB.

Unloading 24 unused Assets to reduce memory usage. Loaded Objects now: 2238.
Total: 4.833800 ms (FindLiveObjects: 0.373500 ms CreateObjectMapping: 0.209500 ms MarkObjects: 3.951300 ms  DeleteObjects: 0.297400 ms)

========================================================================
Received Import Request.
  path: Assets/Sprites/NormalState.png
  artifactKey: Guid(81085cf1b3fce8443b1180e4a00b5a7b) Importer(815301076,1909f56bfc062723c751e8b465ee728b)
Start importing Assets/Sprites/NormalState.png using Guid(81085cf1b3fce8443b1180e4a00b5a7b) Importer(815301076,1909f56bfc062723c751e8b465ee728b)  -> (artifact id: '0bb6e4d7cba0c51e9fb053ebf98f1685') in 0.139346 seconds
  Import took 0.144264 seconds .

========================================================================
Received Import Request.
  Time since last request: 0.000631 seconds.
  path: Assets/Sprites/DeadState.png
  artifactKey: Guid(d67e82dfd8f43fa469ad1e8b74c4eed3) Importer(815301076,1909f56bfc062723c751e8b465ee728b)
Start importing Assets/Sprites/DeadState.png using Guid(d67e82dfd8f43fa469ad1e8b74c4eed3) Importer(815301076,1909f56bfc062723c751e8b465ee728b)  -> (artifact id: 'a23925af9cd437594555e5067c59bec2') in 0.006730 seconds
  Import took 0.010065 seconds .

========================================================================
Received Import Request.
  Time since last request: 815.166383 seconds.
  path: Assets/Sprites/New Piskel (22).png
  artifactKey: Guid(9c61215d5e061a84f9c421d94a5548be) Importer(815301076,1909f56bfc062723c751e8b465ee728b)
Start importing Assets/Sprites/New Piskel (22).png using Guid(9c61215d5e061a84f9c421d94a5548be) Importer(815301076,1909f56bfc062723c751e8b465ee728b)  -> (artifact id: 'ffaa72e6017c85e01829104db7c82338') in 0.012635 seconds
  Import took 0.017580 seconds .

========================================================================
Received Import Request.
  Time since last request: 9.337428 seconds.
  path: Assets/Sprites/New Piskel (22).png
  artifactKey: Guid(9c61215d5e061a84f9c421d94a5548be) Importer(815301076,1909f56bfc062723c751e8b465ee728b)
Start importing Assets/Sprites/New Piskel (22).png using Guid(9c61215d5e061a84f9c421d94a5548be) Importer(815301076,1909f56bfc062723c751e8b465ee728b)  -> (artifact id: 'b6e9d9215e8c02a38a00eb120ff8de92') in 0.012180 seconds
  Import took 0.016237 seconds .

========================================================================
Received Import Request.
  Time since last request: 0.001692 seconds.
  path: Assets/Sprites/New Piskel (22).png
  artifactKey: Guid(9c61215d5e061a84f9c421d94a5548be) Importer(815301076,1909f56bfc062723c751e8b465ee728b)
Start importing Assets/Sprites/New Piskel (22).png using Guid(9c61215d5e061a84f9c421d94a5548be) Importer(815301076,1909f56bfc062723c751e8b465ee728b)  -> (artifact id: 'b6e9d9215e8c02a38a00eb120ff8de92') in 0.006686 seconds
  Import took 0.010176 seconds .

========================================================================
Received Import Request.
  Time since last request: 5.154257 seconds.
  path: Assets/Sprites/New Piskel (22).png
  artifactKey: Guid(9c61215d5e061a84f9c421d94a5548be) Importer(815301076,1909f56bfc062723c751e8b465ee728b)
Start importing Assets/Sprites/New Piskel (22).png using Guid(9c61215d5e061a84f9c421d94a5548be) Importer(815301076,1909f56bfc062723c751e8b465ee728b)  -> (artifact id: '83e36cf1f138f651ad0375795be111c9') in 0.012223 seconds
  Import took 0.015429 seconds .

========================================================================
Received Import Request.
  Time since last request: 123.230004 seconds.
  path: Assets/Sprites/New Piskel (23).png
  artifactKey: Guid(1f7099fe68af1c34194af3f2c9114cc7) Importer(815301076,1909f56bfc062723c751e8b465ee728b)
Start importing Assets/Sprites/New Piskel (23).png using Guid(1f7099fe68af1c34194af3f2c9114cc7) Importer(815301076,1909f56bfc062723c751e8b465ee728b)  -> (artifact id: 'd9a991b4e951cdb3ae1ad30d96af41ed') in 0.009762 seconds
  Import took 0.013696 seconds .

========================================================================
Received Import Request.
  Time since last request: 13.431385 seconds.
  path: Assets/Sprites/New Piskel (23).png
  artifactKey: Guid(1f7099fe68af1c34194af3f2c9114cc7) Importer(815301076,1909f56bfc062723c751e8b465ee728b)
Start importing Assets/Sprites/New Piskel (23).png using Guid(1f7099fe68af1c34194af3f2c9114cc7) Importer(815301076,1909f56bfc062723c751e8b465ee728b)  -> (artifact id: 'ca18f5354282a67dbb71179d95dd442b') in 0.006975 seconds
  Import took 0.011189 seconds .

========================================================================
Received Import Request.
  Time since last request: 0.001310 seconds.
  path: Assets/Sprites/New Piskel (23).png
  artifactKey: Guid(1f7099fe68af1c34194af3f2c9114cc7) Importer(815301076,1909f56bfc062723c751e8b465ee728b)
Start importing Assets/Sprites/New Piskel (23).png using Guid(1f7099fe68af1c34194af3f2c9114cc7) Importer(815301076,1909f56bfc062723c751e8b465ee728b)  -> (artifact id: 'ca18f5354282a67dbb71179d95dd442b') in 0.005450 seconds
  Import took 0.008722 seconds .

========================================================================
Received Import Request.
  Time since last request: 299.684589 seconds.
  path: Assets/Sprites/New Piskel (24).png
  artifactKey: Guid(cbf120c137b24ae4ea37658e4630b4c7) Importer(815301076,1909f56bfc062723c751e8b465ee728b)
Start importing Assets/Sprites/New Piskel (24).png using Guid(cbf120c137b24ae4ea37658e4630b4c7) Importer(815301076,1909f56bfc062723c751e8b465ee728b)  -> (artifact id: 'e32c79cac2753260e9cb9cdd74b5c5ee') in 0.010993 seconds
  Import took 0.014982 seconds .

========================================================================
Received Import Request.
  Time since last request: 4.577119 seconds.
  path: Assets/Sprites/New Piskel (24).png
  artifactKey: Guid(cbf120c137b24ae4ea37658e4630b4c7) Importer(815301076,1909f56bfc062723c751e8b465ee728b)
Start importing Assets/Sprites/New Piskel (24).png using Guid(cbf120c137b24ae4ea37658e4630b4c7) Importer(815301076,1909f56bfc062723c751e8b465ee728b)  -> (artifact id: '36318193347e0deb8155bd348066f622') in 0.006286 seconds
  Import took 0.010021 seconds .

========================================================================
Received Import Request.
  Time since last request: 0.003130 seconds.
  path: Assets/Sprites/New Piskel (24).png
  artifactKey: Guid(cbf120c137b24ae4ea37658e4630b4c7) Importer(815301076,1909f56bfc062723c751e8b465ee728b)
Start importing Assets/Sprites/New Piskel (24).png using Guid(cbf120c137b24ae4ea37658e4630b4c7) Importer(815301076,1909f56bfc062723c751e8b465ee728b)  -> (artifact id: '36318193347e0deb8155bd348066f622') in 0.005059 seconds
  Import took 0.008020 seconds .

========================================================================
Received Import Request.
  Time since last request: 18.321787 seconds.
  path: Assets/Sprites/New Piskel (24).png
  artifactKey: Guid(cbf120c137b24ae4ea37658e4630b4c7) Importer(815301076,1909f56bfc062723c751e8b465ee728b)
Start importing Assets/Sprites/New Piskel (24).png using Guid(cbf120c137b24ae4ea37658e4630b4c7) Importer(815301076,1909f56bfc062723c751e8b465ee728b)  -> (artifact id: '75ff848dfb142cd70a04af93169a4c88') in 0.021465 seconds
  Import took 0.024705 seconds .

========================================================================
Received Import Request.
  Time since last request: 185.333267 seconds.
  path: Assets/Sprites/New Piskel (25).png
  artifactKey: Guid(f176b6917f2fa744ca9520e3175a8f7c) Importer(815301076,1909f56bfc062723c751e8b465ee728b)
Start importing Assets/Sprites/New Piskel (25).png using Guid(f176b6917f2fa744ca9520e3175a8f7c) Importer(815301076,1909f56bfc062723c751e8b465ee728b)  -> (artifact id: 'ef1eb73781a8af8796e7bf774695bca8') in 0.011065 seconds
  Import took 0.015246 seconds .

========================================================================
Received Import Request.
  Time since last request: 5.162118 seconds.
  path: Assets/Sprites/New Piskel (25).png
  artifactKey: Guid(f176b6917f2fa744ca9520e3175a8f7c) Importer(815301076,1909f56bfc062723c751e8b465ee728b)
Start importing Assets/Sprites/New Piskel (25).png using Guid(f176b6917f2fa744ca9520e3175a8f7c) Importer(815301076,1909f56bfc062723c751e8b465ee728b)  -> (artifact id: 'ad02cdf0f117a728abd3099d8e23a5b5') in 0.009587 seconds
  Import took 0.012966 seconds .

========================================================================
Received Import Request.
  Time since last request: 0.002353 seconds.
  path: Assets/Sprites/New Piskel (25).png
  artifactKey: Guid(f176b6917f2fa744ca9520e3175a8f7c) Importer(815301076,1909f56bfc062723c751e8b465ee728b)
Start importing Assets/Sprites/New Piskel (25).png using Guid(f176b6917f2fa744ca9520e3175a8f7c) Importer(815301076,1909f56bfc062723c751e8b465ee728b)  -> (artifact id: 'ad02cdf0f117a728abd3099d8e23a5b5') in 0.006287 seconds
  Import took 0.010346 seconds .

========================================================================
Received Import Request.
  Time since last request: 31.355661 seconds.
  path: Assets/Sprites/New Piskel (25).png
  artifactKey: Guid(f176b6917f2fa744ca9520e3175a8f7c) Importer(815301076,1909f56bfc062723c751e8b465ee728b)
Start importing Assets/Sprites/New Piskel (25).png using Guid(f176b6917f2fa744ca9520e3175a8f7c) Importer(815301076,1909f56bfc062723c751e8b465ee728b)  -> (artifact id: '90c962ff130e9e5b3e59bf3ad20062b9') in 0.025868 seconds
  Import took 0.029131 seconds .

========================================================================
Received Import Request.
  Time since last request: 11.461951 seconds.
  path: Assets/Sprites/wall.png
  artifactKey: Guid(f176b6917f2fa744ca9520e3175a8f7c) Importer(815301076,1909f56bfc062723c751e8b465ee728b)
Start importing Assets/Sprites/wall.png using Guid(f176b6917f2fa744ca9520e3175a8f7c) Importer(815301076,1909f56bfc062723c751e8b465ee728b)  -> (artifact id: 'ebfc8f2489ccf2a9c966d663971ef2eb') in 0.022153 seconds
  Import took 0.026959 seconds .

========================================================================
Received Import Request.
  Time since last request: 0.001799 seconds.
  path: Assets/Sprites/wall.png
  artifactKey: Guid(f176b6917f2fa744ca9520e3175a8f7c) Importer(815301076,1909f56bfc062723c751e8b465ee728b)
Start importing Assets/Sprites/wall.png using Guid(f176b6917f2fa744ca9520e3175a8f7c) Importer(815301076,1909f56bfc062723c751e8b465ee728b)  -> (artifact id: 'ebfc8f2489ccf2a9c966d663971ef2eb') in 0.020934 seconds
  Import took 0.024148 seconds .

========================================================================
Received Import Request.
  Time since last request: 11.854264 seconds.
  path: Assets/Sprites/wall.png
  artifactKey: Guid(f176b6917f2fa744ca9520e3175a8f7c) Importer(815301076,1909f56bfc062723c751e8b465ee728b)
Start importing Assets/Sprites/wall.png using Guid(f176b6917f2fa744ca9520e3175a8f7c) Importer(815301076,1909f56bfc062723c751e8b465ee728b)  -> (artifact id: '4271c86e58205e93418ec18b0da5912a') in 0.023753 seconds
  Import took 0.027145 seconds .

========================================================================
Received Import Request.
  Time since last request: 200.434985 seconds.
  path: Assets/Sprites/New Piskel (26).png
  artifactKey: Guid(036ec3ae711f50e42a62d095c93cf9f8) Importer(815301076,1909f56bfc062723c751e8b465ee728b)
Start importing Assets/Sprites/New Piskel (26).png using Guid(036ec3ae711f50e42a62d095c93cf9f8) Importer(815301076,1909f56bfc062723c751e8b465ee728b)  -> (artifact id: 'd2c0b5e2e5ef4738e66109cc91cedb49') in 0.009499 seconds
  Import took 0.013038 seconds .

========================================================================
Received Import Request.
  Time since last request: 28.475018 seconds.
  path: Assets/Sprites/New Piskel (26).png
  artifactKey: Guid(036ec3ae711f50e42a62d095c93cf9f8) Importer(815301076,1909f56bfc062723c751e8b465ee728b)
Start importing Assets/Sprites/New Piskel (26).png using Guid(036ec3ae711f50e42a62d095c93cf9f8) Importer(815301076,1909f56bfc062723c751e8b465ee728b)  -> (artifact id: '6006c0bb8382ab1b1b9993a9a706feb0') in 0.008698 seconds
  Import took 0.013270 seconds .

========================================================================
Received Import Request.
  Time since last request: 0.002234 seconds.
  path: Assets/Sprites/New Piskel (26).png
  artifactKey: Guid(036ec3ae711f50e42a62d095c93cf9f8) Importer(815301076,1909f56bfc062723c751e8b465ee728b)
Start importing Assets/Sprites/New Piskel (26).png using Guid(036ec3ae711f50e42a62d095c93cf9f8) Importer(815301076,1909f56bfc062723c751e8b465ee728b)  -> (artifact id: '6006c0bb8382ab1b1b9993a9a706feb0') in 0.004997 seconds
  Import took 0.008164 seconds .

========================================================================
Received Import Request.
  Time since last request: 16.433735 seconds.
  path: Assets/Sprites/New Piskel (26).png
  artifactKey: Guid(036ec3ae711f50e42a62d095c93cf9f8) Importer(815301076,1909f56bfc062723c751e8b465ee728b)
Start importing Assets/Sprites/New Piskel (26).png using Guid(036ec3ae711f50e42a62d095c93cf9f8) Importer(815301076,1909f56bfc062723c751e8b465ee728b)  -> (artifact id: 'a77774371eef46c529cd838c55a01d05') in 0.031365 seconds
  Import took 0.035392 seconds .

========================================================================
Received Import Request.
  Time since last request: 458.474745 seconds.
  path: Assets/Rectangular Palette.prefab
  artifactKey: Guid(dfe217ca00db1934b8634d484e0360c9) Importer(815301076,1909f56bfc062723c751e8b465ee728b)
Start importing Assets/Rectangular Palette.prefab using Guid(dfe217ca00db1934b8634d484e0360c9) Importer(815301076,1909f56bfc062723c751e8b465ee728b)  -> (artifact id: 'c7691cb77ba142a5dcf896507791dc9c') in 0.048662 seconds
  Import took 0.052157 seconds .

========================================================================
Received Import Request.
  Time since last request: 134.063265 seconds.
  path: Assets/Rectangular Palette.prefab
  artifactKey: Guid(dfe217ca00db1934b8634d484e0360c9) Importer(815301076,1909f56bfc062723c751e8b465ee728b)
Start importing Assets/Rectangular Palette.prefab using Guid(dfe217ca00db1934b8634d484e0360c9) Importer(815301076,1909f56bfc062723c751e8b465ee728b)  -> (artifact id: '8931c287dee9cd110917ccb4c7ba4cc7') in 0.004130 seconds
  Import took 0.007566 seconds .

========================================================================
Received Import Request.
  Time since last request: 237.288462 seconds.
  path: Assets/Sprites/New Piskel (24).png
  artifactKey: Guid(cbf120c137b24ae4ea37658e4630b4c7) Importer(815301076,1909f56bfc062723c751e8b465ee728b)
Start importing Assets/Sprites/New Piskel (24).png using Guid(cbf120c137b24ae4ea37658e4630b4c7) Importer(815301076,1909f56bfc062723c751e8b465ee728b)  -> (artifact id: '99e60c1885cd0c787da4b6d47a5f1076') in 0.010476 seconds
  Import took 0.014408 seconds .

========================================================================
Received Import Request.
  Time since last request: 20.399187 seconds.
  path: Assets/Sprites/New Piskel (26).png
  artifactKey: Guid(036ec3ae711f50e42a62d095c93cf9f8) Importer(815301076,1909f56bfc062723c751e8b465ee728b)
Start importing Assets/Sprites/New Piskel (26).png using Guid(036ec3ae711f50e42a62d095c93cf9f8) Importer(815301076,1909f56bfc062723c751e8b465ee728b)  -> (artifact id: 'ec085a9ff021b90b4bc370ecae874a7e') in 0.007449 seconds
  Import took 0.010585 seconds .

========================================================================
Received Import Request.
  Time since last request: 18.963155 seconds.
  path: Assets/Sprites/New Piskel (26).png
  artifactKey: Guid(036ec3ae711f50e42a62d095c93cf9f8) Importer(815301076,1909f56bfc062723c751e8b465ee728b)
Start importing Assets/Sprites/New Piskel (26).png using Guid(036ec3ae711f50e42a62d095c93cf9f8) Importer(815301076,1909f56bfc062723c751e8b465ee728b)  -> (artifact id: 'f195127f02cd5dd2477cd9f54c4d61c9') in 0.016619 seconds
  Import took 0.019798 seconds .

========================================================================
Received Import Request.
  Time since last request: 28.863072 seconds.
  path: Assets/Sprites/New Piskel (26).png
  artifactKey: Guid(036ec3ae711f50e42a62d095c93cf9f8) Importer(815301076,1909f56bfc062723c751e8b465ee728b)
Start importing Assets/Sprites/New Piskel (26).png using Guid(036ec3ae711f50e42a62d095c93cf9f8) Importer(815301076,1909f56bfc062723c751e8b465ee728b)  -> (artifact id: '1d14922f6684fcab9df46fb18da9d4f8') in 0.011455 seconds
  Import took 0.015274 seconds .

========================================================================
Received Import Request.
  Time since last request: 278.650475 seconds.
  path: Assets/Sprites/New Piskel (27).png
  artifactKey: Guid(149ade5771404594783afed73b2877f9) Importer(815301076,1909f56bfc062723c751e8b465ee728b)
Start importing Assets/Sprites/New Piskel (27).png using Guid(149ade5771404594783afed73b2877f9) Importer(815301076,1909f56bfc062723c751e8b465ee728b)  -> (artifact id: '0c395b27b85e3540bdd83a35e450cec6') in 0.011825 seconds
  Import took 0.015862 seconds .

========================================================================
Received Import Request.
  Time since last request: 5.766286 seconds.
  path: Assets/Sprites/New Piskel (27).png
  artifactKey: Guid(149ade5771404594783afed73b2877f9) Importer(815301076,1909f56bfc062723c751e8b465ee728b)
Start importing Assets/Sprites/New Piskel (27).png using Guid(149ade5771404594783afed73b2877f9) Importer(815301076,1909f56bfc062723c751e8b465ee728b)  -> (artifact id: 'a402fdad77423dc8cd674cff315a2950') in 0.010296 seconds
  Import took 0.013635 seconds .

========================================================================
Received Import Request.
  Time since last request: 0.002187 seconds.
  path: Assets/Sprites/New Piskel (27).png
  artifactKey: Guid(149ade5771404594783afed73b2877f9) Importer(815301076,1909f56bfc062723c751e8b465ee728b)
Start importing Assets/Sprites/New Piskel (27).png using Guid(149ade5771404594783afed73b2877f9) Importer(815301076,1909f56bfc062723c751e8b465ee728b)  -> (artifact id: 'a402fdad77423dc8cd674cff315a2950') in 0.005190 seconds
  Import took 0.008706 seconds .

========================================================================
Received Import Request.
  Time since last request: 13.387980 seconds.
  path: Assets/Sprites/New Piskel (27).png
  artifactKey: Guid(149ade5771404594783afed73b2877f9) Importer(815301076,1909f56bfc062723c751e8b465ee728b)
Start importing Assets/Sprites/New Piskel (27).png using Guid(149ade5771404594783afed73b2877f9) Importer(815301076,1909f56bfc062723c751e8b465ee728b)  -> (artifact id: '7f3352424e0d619ed9cafcd87196c12d') in 0.022772 seconds
  Import took 0.026013 seconds .

========================================================================
Received Import Request.
  Time since last request: 84.793866 seconds.
  path: Assets/Sprites/New Piskel (28).png
  artifactKey: Guid(bb7cde9c4e1f30244aca159574f8d5e3) Importer(815301076,1909f56bfc062723c751e8b465ee728b)
Start importing Assets/Sprites/New Piskel (28).png using Guid(bb7cde9c4e1f30244aca159574f8d5e3) Importer(815301076,1909f56bfc062723c751e8b465ee728b)  -> (artifact id: '8b95f3436e192be8478722aa28343c0a') in 0.011745 seconds
  Import took 0.015734 seconds .

========================================================================
Received Import Request.
  Time since last request: 5.739867 seconds.
  path: Assets/Sprites/New Piskel (28).png
  artifactKey: Guid(bb7cde9c4e1f30244aca159574f8d5e3) Importer(815301076,1909f56bfc062723c751e8b465ee728b)
Start importing Assets/Sprites/New Piskel (28).png using Guid(bb7cde9c4e1f30244aca159574f8d5e3) Importer(815301076,1909f56bfc062723c751e8b465ee728b)  -> (artifact id: 'b123dfded01178eca3213259f6032de6') in 0.008313 seconds
  Import took 0.011993 seconds .

========================================================================
Received Import Request.
  Time since last request: 0.004145 seconds.
  path: Assets/Sprites/New Piskel (28).png
  artifactKey: Guid(bb7cde9c4e1f30244aca159574f8d5e3) Importer(815301076,1909f56bfc062723c751e8b465ee728b)
Start importing Assets/Sprites/New Piskel (28).png using Guid(bb7cde9c4e1f30244aca159574f8d5e3) Importer(815301076,1909f56bfc062723c751e8b465ee728b)  -> (artifact id: 'b123dfded01178eca3213259f6032de6') in 0.005864 seconds
  Import took 0.009385 seconds .

========================================================================
Received Import Request.
  Time since last request: 8.392262 seconds.
  path: Assets/Sprites/New Piskel (28).png
  artifactKey: Guid(bb7cde9c4e1f30244aca159574f8d5e3) Importer(815301076,1909f56bfc062723c751e8b465ee728b)
Start importing Assets/Sprites/New Piskel (28).png using Guid(bb7cde9c4e1f30244aca159574f8d5e3) Importer(815301076,1909f56bfc062723c751e8b465ee728b)  -> (artifact id: '15d4cf31289a16913ed8e7a646412fd0') in 0.020720 seconds
  Import took 0.024280 seconds .

========================================================================
Received Import Request.
  Time since last request: 156.571910 seconds.
  path: Assets/Sprites/New Piskel (29).png
  artifactKey: Guid(2363011d4309f6b4aa860ef3ffe96d2d) Importer(815301076,1909f56bfc062723c751e8b465ee728b)
Start importing Assets/Sprites/New Piskel (29).png using Guid(2363011d4309f6b4aa860ef3ffe96d2d) Importer(815301076,1909f56bfc062723c751e8b465ee728b)  -> (artifact id: '5144579c6192b84372e38f5cec8f1681') in 0.011512 seconds
  Import took 0.016501 seconds .

========================================================================
Received Import Request.
  Time since last request: 15.177135 seconds.
  path: Assets/Sprites/New Piskel (29).png
  artifactKey: Guid(2363011d4309f6b4aa860ef3ffe96d2d) Importer(815301076,1909f56bfc062723c751e8b465ee728b)
Start importing Assets/Sprites/New Piskel (29).png using Guid(2363011d4309f6b4aa860ef3ffe96d2d) Importer(815301076,1909f56bfc062723c751e8b465ee728b)  -> (artifact id: '0c2f7ff20a1e66fe22744eabc81df973') in 0.008273 seconds
  Import took 0.011763 seconds .

========================================================================
Received Import Request.
  Time since last request: 0.002297 seconds.
  path: Assets/Sprites/New Piskel (29).png
  artifactKey: Guid(2363011d4309f6b4aa860ef3ffe96d2d) Importer(815301076,1909f56bfc062723c751e8b465ee728b)
Start importing Assets/Sprites/New Piskel (29).png using Guid(2363011d4309f6b4aa860ef3ffe96d2d) Importer(815301076,1909f56bfc062723c751e8b465ee728b)  -> (artifact id: '0c2f7ff20a1e66fe22744eabc81df973') in 0.006272 seconds
  Import took 0.010681 seconds .

========================================================================
Received Import Request.
  Time since last request: 4.512006 seconds.
  path: Assets/Sprites/New Piskel (29).png
  artifactKey: Guid(2363011d4309f6b4aa860ef3ffe96d2d) Importer(815301076,1909f56bfc062723c751e8b465ee728b)
Start importing Assets/Sprites/New Piskel (29).png using Guid(2363011d4309f6b4aa860ef3ffe96d2d) Importer(815301076,1909f56bfc062723c751e8b465ee728b)  -> (artifact id: 'c49dec113053c6c4698557a6993986aa') in 0.024385 seconds
  Import took 0.029066 seconds .

========================================================================
Received Prepare
Registering precompiled user dll's ...
Registered in 0.001078 seconds.
Begin MonoManager ReloadAssembly
Native extension for WindowsStandalone target not found
Refreshing native plugins compatible for Editor in 0.50 ms, found 1 plugins.
Preloading 0 native plugins for Editor in 0.00 ms.
Invoked RoslynAnalysisRunner static constructor.
RoslynAnalysisRunner will not be running.
RoslynAnalysisRunner has terminated.
Mono: successfully reloaded assembly
- Completed reload, in  0.965 seconds
Platform modules already initialized, skipping
Refreshing native plugins compatible for Editor in 0.49 ms, found 1 plugins.
Preloading 0 native plugins for Editor in 0.00 ms.
Unloading 1792 Unused Serialized files (Serialized files now loaded: 0)
System memory in use before: 87.4 MB.
System memory in use after: 87.4 MB.

Unloading 12 unused Assets to reduce memory usage. Loaded Objects now: 2265.
Total: 4.320500 ms (FindLiveObjects: 0.309000 ms CreateObjectMapping: 0.129900 ms MarkObjects: 3.714800 ms  DeleteObjects: 0.164600 ms)

========================================================================
Received Import Request.
  Time since last request: 234.110480 seconds.
  path: Assets/Sprites/New Piskel (29).png
  artifactKey: Guid(2363011d4309f6b4aa860ef3ffe96d2d) Importer(815301076,1909f56bfc062723c751e8b465ee728b)
Start importing Assets/Sprites/New Piskel (29).png using Guid(2363011d4309f6b4aa860ef3ffe96d2d) Importer(815301076,1909f56bfc062723c751e8b465ee728b)  -> (artifact id: 'b44eab55b253a4a4446b4a0a02c6ae5c') in 0.061110 seconds
  Import took 0.064639 seconds .

========================================================================
Received Import Request.
  Time since last request: 12.316783 seconds.
  path: Assets/Sprites/Wall.png
  artifactKey: Guid(2363011d4309f6b4aa860ef3ffe96d2d) Importer(815301076,1909f56bfc062723c751e8b465ee728b)
Start importing Assets/Sprites/Wall.png using Guid(2363011d4309f6b4aa860ef3ffe96d2d) Importer(815301076,1909f56bfc062723c751e8b465ee728b)  -> (artifact id: 'bd33b12f9169f3dcaa2f145baeb554fe') in 0.021827 seconds
  Import took 0.025477 seconds .

========================================================================
Received Import Request.
  Time since last request: 0.001233 seconds.
  path: Assets/Sprites/Wall.png
  artifactKey: Guid(2363011d4309f6b4aa860ef3ffe96d2d) Importer(815301076,1909f56bfc062723c751e8b465ee728b)
Start importing Assets/Sprites/Wall.png using Guid(2363011d4309f6b4aa860ef3ffe96d2d) Importer(815301076,1909f56bfc062723c751e8b465ee728b)  -> (artifact id: 'bd33b12f9169f3dcaa2f145baeb554fe') in 0.020133 seconds
  Import took 0.024708 seconds .

========================================================================
Received Import Request.
  Time since last request: 6.412952 seconds.
  path: Assets/Sprites/Wall.png
  artifactKey: Guid(2363011d4309f6b4aa860ef3ffe96d2d) Importer(815301076,1909f56bfc062723c751e8b465ee728b)
Start importing Assets/Sprites/Wall.png using Guid(2363011d4309f6b4aa860ef3ffe96d2d) Importer(815301076,1909f56bfc062723c751e8b465ee728b)  -> (artifact id: '3f8891bef6807135b270db21533c17ea') in 0.018827 seconds
  Import took 0.023741 seconds .

========================================================================
Received Import Request.
  Time since last request: 0.005140 seconds.
  path: Assets/Sprites/Wall.png
  artifactKey: Guid(2363011d4309f6b4aa860ef3ffe96d2d) Importer(815301076,1909f56bfc062723c751e8b465ee728b)
Start importing Assets/Sprites/Wall.png using Guid(2363011d4309f6b4aa860ef3ffe96d2d) Importer(815301076,1909f56bfc062723c751e8b465ee728b)  -> (artifact id: '3f8891bef6807135b270db21533c17ea') in 0.018689 seconds
  Import took 0.021821 seconds .

========================================================================
Received Prepare
Registering precompiled user dll's ...
Registered in 0.001130 seconds.
Begin MonoManager ReloadAssembly
Native extension for WindowsStandalone target not found
Refreshing native plugins compatible for Editor in 0.32 ms, found 1 plugins.
Preloading 0 native plugins for Editor in 0.00 ms.
Invoked RoslynAnalysisRunner static constructor.
RoslynAnalysisRunner will not be running.
RoslynAnalysisRunner has terminated.
Mono: successfully reloaded assembly
- Completed reload, in  0.785 seconds
Platform modules already initialized, skipping
Refreshing native plugins compatible for Editor in 0.33 ms, found 1 plugins.
Preloading 0 native plugins for Editor in 0.00 ms.
Unloading 1792 Unused Serialized files (Serialized files now loaded: 0)
System memory in use before: 87.5 MB.
System memory in use after: 87.5 MB.

Unloading 12 unused Assets to reduce memory usage. Loaded Objects now: 2269.
Total: 1.811700 ms (FindLiveObjects: 0.187600 ms CreateObjectMapping: 0.067700 ms MarkObjects: 1.456000 ms  DeleteObjects: 0.098100 ms)

========================================================================
Received Import Request.
  Time since last request: 672.575295 seconds.
  path: Assets/Sprites/New Piskel (30).png
  artifactKey: Guid(d4576c34d69042d498d5a673409ebdf0) Importer(815301076,1909f56bfc062723c751e8b465ee728b)
Start importing Assets/Sprites/New Piskel (30).png using Guid(d4576c34d69042d498d5a673409ebdf0) Importer(815301076,1909f56bfc062723c751e8b465ee728b)  -> (artifact id: '6c026f291698da9e3a8ee13ce5f74a52') in 0.045369 seconds
  Import took 0.049230 seconds .

========================================================================
Received Import Request.
  Time since last request: 13.848129 seconds.
  path: Assets/Sprites/Wall.png
  artifactKey: Guid(d4576c34d69042d498d5a673409ebdf0) Importer(815301076,1909f56bfc062723c751e8b465ee728b)
Start importing Assets/Sprites/Wall.png using Guid(d4576c34d69042d498d5a673409ebdf0) Importer(815301076,1909f56bfc062723c751e8b465ee728b)  -> (artifact id: 'b2ecd4fecd099bd3b2ec64aad54e362a') in 0.006176 seconds
  Import took 0.010450 seconds .

========================================================================
Received Import Request.
  Time since last request: 0.004253 seconds.
  path: Assets/Sprites/Wall.png
  artifactKey: Guid(d4576c34d69042d498d5a673409ebdf0) Importer(815301076,1909f56bfc062723c751e8b465ee728b)
Start importing Assets/Sprites/Wall.png using Guid(d4576c34d69042d498d5a673409ebdf0) Importer(815301076,1909f56bfc062723c751e8b465ee728b)  -> (artifact id: 'b2ecd4fecd099bd3b2ec64aad54e362a') in 0.005578 seconds
  Import took 0.009101 seconds .

========================================================================
Received Import Request.
  Time since last request: 10.758311 seconds.
  path: Assets/Sprites/Wall.png
  artifactKey: Guid(d4576c34d69042d498d5a673409ebdf0) Importer(815301076,1909f56bfc062723c751e8b465ee728b)
Start importing Assets/Sprites/Wall.png using Guid(d4576c34d69042d498d5a673409ebdf0) Importer(815301076,1909f56bfc062723c751e8b465ee728b)  -> (artifact id: '44f00fb97fb9b56e982c5ae39c54b284') in 0.020356 seconds
  Import took 0.023869 seconds .

========================================================================
Received Import Request.
  Time since last request: 2081.682200 seconds.
  path: Assets/Sprites/New Piskel (31).png
  artifactKey: Guid(30a6e391bd90ce047b19d0e5257337e8) Importer(815301076,1909f56bfc062723c751e8b465ee728b)
Start importing Assets/Sprites/New Piskel (31).png using Guid(30a6e391bd90ce047b19d0e5257337e8) Importer(815301076,1909f56bfc062723c751e8b465ee728b)  -> (artifact id: 'ba39e3249e1228e699944d249fb80ab3') in 0.015310 seconds
  Import took 0.018915 seconds .

========================================================================
Received Import Request.
  Time since last request: 5.464097 seconds.
  path: Assets/Sprites/wall.png
  artifactKey: Guid(30a6e391bd90ce047b19d0e5257337e8) Importer(815301076,1909f56bfc062723c751e8b465ee728b)
Start importing Assets/Sprites/wall.png using Guid(30a6e391bd90ce047b19d0e5257337e8) Importer(815301076,1909f56bfc062723c751e8b465ee728b)  -> (artifact id: '8ed9c8a31131a0aa8d820a3441cf96bf') in 0.010331 seconds
  Import took 0.013635 seconds .

========================================================================
Received Import Request.
  Time since last request: 4.476431 seconds.
  path: Assets/Sprites/wall.png
  artifactKey: Guid(30a6e391bd90ce047b19d0e5257337e8) Importer(815301076,1909f56bfc062723c751e8b465ee728b)
Start importing Assets/Sprites/wall.png using Guid(30a6e391bd90ce047b19d0e5257337e8) Importer(815301076,1909f56bfc062723c751e8b465ee728b)  -> (artifact id: '8874f70396a99ca059ac855d953dae9e') in 0.007968 seconds
  Import took 0.011989 seconds .

========================================================================
Received Import Request.
  Time since last request: 0.013464 seconds.
  path: Assets/Sprites/wall.png
  artifactKey: Guid(30a6e391bd90ce047b19d0e5257337e8) Importer(815301076,1909f56bfc062723c751e8b465ee728b)
Start importing Assets/Sprites/wall.png using Guid(30a6e391bd90ce047b19d0e5257337e8) Importer(815301076,1909f56bfc062723c751e8b465ee728b)  -> (artifact id: '8874f70396a99ca059ac855d953dae9e') in 0.006820 seconds
  Import took 0.010700 seconds .

========================================================================
Received Import Request.
  Time since last request: 6.167503 seconds.
  path: Assets/Sprites/wall.png
  artifactKey: Guid(30a6e391bd90ce047b19d0e5257337e8) Importer(815301076,1909f56bfc062723c751e8b465ee728b)
Start importing Assets/Sprites/wall.png using Guid(30a6e391bd90ce047b19d0e5257337e8) Importer(815301076,1909f56bfc062723c751e8b465ee728b)  -> (artifact id: 'cab5e808d41b176dee8da780b4e4ce21') in 0.018981 seconds
  Import took 0.022617 seconds .

========================================================================
Received Import Request.
  Time since last request: 0.001640 seconds.
  path: Assets/Sprites/wall.png
  artifactKey: Guid(30a6e391bd90ce047b19d0e5257337e8) Importer(815301076,1909f56bfc062723c751e8b465ee728b)
Start importing Assets/Sprites/wall.png using Guid(30a6e391bd90ce047b19d0e5257337e8) Importer(815301076,1909f56bfc062723c751e8b465ee728b)  -> (artifact id: 'cab5e808d41b176dee8da780b4e4ce21') in 0.019491 seconds
  Import took 0.023411 seconds .

========================================================================
Received Prepare
Registering precompiled user dll's ...
Registered in 0.001757 seconds.
Begin MonoManager ReloadAssembly
Native extension for WindowsStandalone target not found
Refreshing native plugins compatible for Editor in 0.37 ms, found 1 plugins.
Preloading 0 native plugins for Editor in 0.00 ms.
Invoked RoslynAnalysisRunner static constructor.
RoslynAnalysisRunner will not be running.
RoslynAnalysisRunner has terminated.
Mono: successfully reloaded assembly
- Completed reload, in  0.794 seconds
Platform modules already initialized, skipping
Refreshing native plugins compatible for Editor in 2.43 ms, found 1 plugins.
Preloading 0 native plugins for Editor in 0.00 ms.
Unloading 1792 Unused Serialized files (Serialized files now loaded: 0)
System memory in use before: 87.5 MB.
System memory in use after: 87.5 MB.

Unloading 12 unused Assets to reduce memory usage. Loaded Objects now: 2273.
Total: 3.316400 ms (FindLiveObjects: 0.361600 ms CreateObjectMapping: 0.135400 ms MarkObjects: 2.677100 ms  DeleteObjects: 0.139000 ms)

========================================================================
Received Prepare
Registering precompiled user dll's ...
Registered in 0.000935 seconds.
Begin MonoManager ReloadAssembly
Native extension for WindowsStandalone target not found
Refreshing native plugins compatible for Editor in 0.34 ms, found 1 plugins.
Preloading 0 native plugins for Editor in 0.00 ms.
Invoked RoslynAnalysisRunner static constructor.
RoslynAnalysisRunner will not be running.
RoslynAnalysisRunner has terminated.
Mono: successfully reloaded assembly
- Completed reload, in  0.778 seconds
Platform modules already initialized, skipping
Refreshing native plugins compatible for Editor in 0.34 ms, found 1 plugins.
Preloading 0 native plugins for Editor in 0.00 ms.
Unloading 1792 Unused Serialized files (Serialized files now loaded: 0)
System memory in use before: 87.5 MB.
System memory in use after: 87.5 MB.

Unloading 12 unused Assets to reduce memory usage. Loaded Objects now: 2276.
Total: 1.962700 ms (FindLiveObjects: 0.210300 ms CreateObjectMapping: 0.073300 ms MarkObjects: 1.586900 ms  DeleteObjects: 0.091100 ms)

========================================================================
Received Prepare
Registering precompiled user dll's ...
Registered in 0.001099 seconds.
Begin MonoManager ReloadAssembly
Native extension for WindowsStandalone target not found
Refreshing native plugins compatible for Editor in 0.33 ms, found 1 plugins.
Preloading 0 native plugins for Editor in 0.00 ms.
Invoked RoslynAnalysisRunner static constructor.
RoslynAnalysisRunner will not be running.
RoslynAnalysisRunner has terminated.
Mono: successfully reloaded assembly
- Completed reload, in  0.807 seconds
Platform modules already initialized, skipping
Refreshing native plugins compatible for Editor in 0.35 ms, found 1 plugins.
Preloading 0 native plugins for Editor in 0.00 ms.
Unloading 1792 Unused Serialized files (Serialized files now loaded: 0)
System memory in use before: 87.6 MB.
System memory in use after: 87.5 MB.

Unloading 12 unused Assets to reduce memory usage. Loaded Objects now: 2279.
Total: 2.939800 ms (FindLiveObjects: 0.372000 ms CreateObjectMapping: 0.124800 ms MarkObjects: 2.300100 ms  DeleteObjects: 0.141300 ms)

========================================================================
Received Prepare
Registering precompiled user dll's ...
Registered in 0.001685 seconds.
Begin MonoManager ReloadAssembly
Native extension for WindowsStandalone target not found
Refreshing native plugins compatible for Editor in 0.37 ms, found 1 plugins.
Preloading 0 native plugins for Editor in 0.00 ms.
Invoked RoslynAnalysisRunner static constructor.
RoslynAnalysisRunner will not be running.
RoslynAnalysisRunner has terminated.
Mono: successfully reloaded assembly
- Completed reload, in  0.891 seconds
Platform modules already initialized, skipping
Refreshing native plugins compatible for Editor in 0.32 ms, found 1 plugins.
Preloading 0 native plugins for Editor in 0.00 ms.
Unloading 1792 Unused Serialized files (Serialized files now loaded: 0)
System memory in use before: 87.6 MB.
System memory in use after: 87.6 MB.

Unloading 12 unused Assets to reduce memory usage. Loaded Objects now: 2282.
Total: 1.935000 ms (FindLiveObjects: 0.198200 ms CreateObjectMapping: 0.074400 ms MarkObjects: 1.563300 ms  DeleteObjects: 0.098000 ms)

========================================================================
Received Prepare
Registering precompiled user dll's ...
Registered in 0.001198 seconds.
Begin MonoManager ReloadAssembly
Native extension for WindowsStandalone target not found
Refreshing native plugins compatible for Editor in 0.34 ms, found 1 plugins.
Preloading 0 native plugins for Editor in 0.00 ms.
Invoked RoslynAnalysisRunner static constructor.
RoslynAnalysisRunner will not be running.
RoslynAnalysisRunner has terminated.
Mono: successfully reloaded assembly
- Completed reload, in  0.929 seconds
Platform modules already initialized, skipping
Refreshing native plugins compatible for Editor in 0.33 ms, found 1 plugins.
Preloading 0 native plugins for Editor in 0.00 ms.
Unloading 1792 Unused Serialized files (Serialized files now loaded: 0)
System memory in use before: 87.6 MB.
System memory in use after: 87.6 MB.

Unloading 12 unused Assets to reduce memory usage. Loaded Objects now: 2285.
Total: 2.710900 ms (FindLiveObjects: 0.367500 ms CreateObjectMapping: 0.115100 ms MarkObjects: 2.080200 ms  DeleteObjects: 0.146400 ms)

========================================================================
Received Prepare
Registering precompiled user dll's ...
Registered in 0.001949 seconds.
Begin MonoManager ReloadAssembly
Native extension for WindowsStandalone target not found
Refreshing native plugins compatible for Editor in 0.98 ms, found 1 plugins.
Preloading 0 native plugins for Editor in 0.00 ms.
Invoked RoslynAnalysisRunner static constructor.
RoslynAnalysisRunner will not be running.
RoslynAnalysisRunner has terminated.
Mono: successfully reloaded assembly
- Completed reload, in  1.149 seconds
Platform modules already initialized, skipping
Refreshing native plugins compatible for Editor in 0.49 ms, found 1 plugins.
Preloading 0 native plugins for Editor in 0.00 ms.
Unloading 1792 Unused Serialized files (Serialized files now loaded: 0)
System memory in use before: 87.6 MB.
System memory in use after: 87.6 MB.

Unloading 12 unused Assets to reduce memory usage. Loaded Objects now: 2288.
Total: 6.188500 ms (FindLiveObjects: 1.167200 ms CreateObjectMapping: 0.810400 ms MarkObjects: 4.016200 ms  DeleteObjects: 0.191800 ms)

========================================================================
Received Prepare
Registering precompiled user dll's ...
Registered in 0.001043 seconds.
Begin MonoManager ReloadAssembly
Native extension for WindowsStandalone target not found
Refreshing native plugins compatible for Editor in 0.51 ms, found 1 plugins.
Preloading 0 native plugins for Editor in 0.00 ms.
Invoked RoslynAnalysisRunner static constructor.
RoslynAnalysisRunner will not be running.
RoslynAnalysisRunner has terminated.
Mono: successfully reloaded assembly
- Completed reload, in  0.796 seconds
Platform modules already initialized, skipping
Refreshing native plugins compatible for Editor in 0.36 ms, found 1 plugins.
Preloading 0 native plugins for Editor in 0.00 ms.
Unloading 1792 Unused Serialized files (Serialized files now loaded: 0)
System memory in use before: 87.7 MB.
System memory in use after: 87.6 MB.

Unloading 12 unused Assets to reduce memory usage. Loaded Objects now: 2291.
Total: 2.656700 ms (FindLiveObjects: 0.286500 ms CreateObjectMapping: 0.091300 ms MarkObjects: 2.173400 ms  DeleteObjects: 0.104200 ms)

========================================================================
Received Prepare
Registering precompiled user dll's ...
Registered in 0.001117 seconds.
Begin MonoManager ReloadAssembly
Native extension for WindowsStandalone target not found
Refreshing native plugins compatible for Editor in 0.39 ms, found 1 plugins.
Preloading 0 native plugins for Editor in 0.00 ms.
Invoked RoslynAnalysisRunner static constructor.
RoslynAnalysisRunner will not be running.
RoslynAnalysisRunner has terminated.
Mono: successfully reloaded assembly
- Completed reload, in  0.803 seconds
Platform modules already initialized, skipping
Refreshing native plugins compatible for Editor in 0.33 ms, found 1 plugins.
Preloading 0 native plugins for Editor in 0.00 ms.
Unloading 1792 Unused Serialized files (Serialized files now loaded: 0)
System memory in use before: 87.7 MB.
System memory in use after: 87.7 MB.

Unloading 12 unused Assets to reduce memory usage. Loaded Objects now: 2294.
Total: 4.214300 ms (FindLiveObjects: 0.454000 ms CreateObjectMapping: 0.180600 ms MarkObjects: 3.386100 ms  DeleteObjects: 0.190700 ms)

========================================================================
Received Prepare
Registering precompiled user dll's ...
Registered in 0.001011 seconds.
Begin MonoManager ReloadAssembly
Native extension for WindowsStandalone target not found
Refreshing native plugins compatible for Editor in 0.33 ms, found 1 plugins.
Preloading 0 native plugins for Editor in 0.00 ms.
Invoked RoslynAnalysisRunner static constructor.
RoslynAnalysisRunner will not be running.
RoslynAnalysisRunner has terminated.
Mono: successfully reloaded assembly
- Completed reload, in  0.817 seconds
Platform modules already initialized, skipping
Refreshing native plugins compatible for Editor in 0.50 ms, found 1 plugins.
Preloading 0 native plugins for Editor in 0.00 ms.
Unloading 1792 Unused Serialized files (Serialized files now loaded: 0)
System memory in use before: 87.7 MB.
System memory in use after: 87.7 MB.

Unloading 12 unused Assets to reduce memory usage. Loaded Objects now: 2297.
Total: 1.877000 ms (FindLiveObjects: 0.232700 ms CreateObjectMapping: 0.084400 ms MarkObjects: 1.465800 ms  DeleteObjects: 0.093100 ms)

========================================================================
Received Prepare
Registering precompiled user dll's ...
Registered in 0.001006 seconds.
Begin MonoManager ReloadAssembly
Native extension for WindowsStandalone target not found
Refreshing native plugins compatible for Editor in 0.34 ms, found 1 plugins.
Preloading 0 native plugins for Editor in 0.00 ms.
Invoked RoslynAnalysisRunner static constructor.
RoslynAnalysisRunner will not be running.
RoslynAnalysisRunner has terminated.
Mono: successfully reloaded assembly
- Completed reload, in  0.789 seconds
Platform modules already initialized, skipping
Refreshing native plugins compatible for Editor in 0.34 ms, found 1 plugins.
Preloading 0 native plugins for Editor in 0.00 ms.
Unloading 1792 Unused Serialized files (Serialized files now loaded: 0)
System memory in use before: 87.7 MB.
System memory in use after: 87.7 MB.

Unloading 12 unused Assets to reduce memory usage. Loaded Objects now: 2300.
Total: 1.945200 ms (FindLiveObjects: 0.175200 ms CreateObjectMapping: 0.065700 ms MarkObjects: 1.601500 ms  DeleteObjects: 0.101800 ms)

========================================================================
Received Prepare
Registering precompiled user dll's ...
Registered in 0.000996 seconds.
Begin MonoManager ReloadAssembly
Native extension for WindowsStandalone target not found
Refreshing native plugins compatible for Editor in 0.33 ms, found 1 plugins.
Preloading 0 native plugins for Editor in 0.00 ms.
Invoked RoslynAnalysisRunner static constructor.
RoslynAnalysisRunner will not be running.
RoslynAnalysisRunner has terminated.
Mono: successfully reloaded assembly
- Completed reload, in  0.830 seconds
Platform modules already initialized, skipping
Refreshing native plugins compatible for Editor in 0.33 ms, found 1 plugins.
Preloading 0 native plugins for Editor in 0.00 ms.
Unloading 1792 Unused Serialized files (Serialized files now loaded: 0)
System memory in use before: 87.7 MB.
System memory in use after: 87.7 MB.

Unloading 12 unused Assets to reduce memory usage. Loaded Objects now: 2303.
Total: 1.946000 ms (FindLiveObjects: 0.182900 ms CreateObjectMapping: 0.064700 ms MarkObjects: 1.600800 ms  DeleteObjects: 0.096600 ms)

========================================================================
Received Prepare
Registering precompiled user dll's ...
Registered in 0.001170 seconds.
Begin MonoManager ReloadAssembly
Native extension for WindowsStandalone target not found
Refreshing native plugins compatible for Editor in 0.33 ms, found 1 plugins.
Preloading 0 native plugins for Editor in 0.00 ms.
Invoked RoslynAnalysisRunner static constructor.
RoslynAnalysisRunner will not be running.
RoslynAnalysisRunner has terminated.
Mono: successfully reloaded assembly
- Completed reload, in  0.795 seconds
Platform modules already initialized, skipping
Refreshing native plugins compatible for Editor in 0.33 ms, found 1 plugins.
Preloading 0 native plugins for Editor in 0.00 ms.
Unloading 1792 Unused Serialized files (Serialized files now loaded: 0)
System memory in use before: 87.7 MB.
System memory in use after: 87.7 MB.

Unloading 12 unused Assets to reduce memory usage. Loaded Objects now: 2306.
Total: 2.064500 ms (FindLiveObjects: 0.186000 ms CreateObjectMapping: 0.065100 ms MarkObjects: 1.712900 ms  DeleteObjects: 0.099400 ms)

========================================================================
Received Prepare
Registering precompiled user dll's ...
Registered in 0.001002 seconds.
Begin MonoManager ReloadAssembly
Native extension for WindowsStandalone target not found
Refreshing native plugins compatible for Editor in 0.34 ms, found 1 plugins.
Preloading 0 native plugins for Editor in 0.00 ms.
Invoked RoslynAnalysisRunner static constructor.
RoslynAnalysisRunner will not be running.
RoslynAnalysisRunner has terminated.
Mono: successfully reloaded assembly
- Completed reload, in  0.846 seconds
Platform modules already initialized, skipping
Refreshing native plugins compatible for Editor in 0.36 ms, found 1 plugins.
Preloading 0 native plugins for Editor in 0.00 ms.
Unloading 1792 Unused Serialized files (Serialized files now loaded: 0)
System memory in use before: 87.7 MB.
System memory in use after: 87.7 MB.

Unloading 12 unused Assets to reduce memory usage. Loaded Objects now: 2309.
Total: 2.065200 ms (FindLiveObjects: 0.254700 ms CreateObjectMapping: 0.088500 ms MarkObjects: 1.624100 ms  DeleteObjects: 0.096700 ms)

========================================================================
Received Prepare
Registering precompiled user dll's ...
Registered in 0.001165 seconds.
Begin MonoManager ReloadAssembly
Native extension for WindowsStandalone target not found
Refreshing native plugins compatible for Editor in 0.32 ms, found 1 plugins.
Preloading 0 native plugins for Editor in 0.00 ms.
Invoked RoslynAnalysisRunner static constructor.
RoslynAnalysisRunner will not be running.
RoslynAnalysisRunner has terminated.
Mono: successfully reloaded assembly
- Completed reload, in  0.778 seconds
Platform modules already initialized, skipping
Refreshing native plugins compatible for Editor in 0.34 ms, found 1 plugins.
Preloading 0 native plugins for Editor in 0.00 ms.
Unloading 1792 Unused Serialized files (Serialized files now loaded: 0)
System memory in use before: 87.7 MB.
System memory in use after: 87.7 MB.

Unloading 12 unused Assets to reduce memory usage. Loaded Objects now: 2312.
Total: 4.551000 ms (FindLiveObjects: 0.408000 ms CreateObjectMapping: 0.196300 ms MarkObjects: 3.742300 ms  DeleteObjects: 0.201400 ms)

AssetImportWorkerClient::OnTransportError - code=2 error=End of file
