Using pre-set license
Built from '2020.2/release' branch; Version is '2020.2.4f1 (becced5a802b) revision 12504301'; Using compiler version '192528614'; Build Type 'Release'
OS: 'Windows 10 Home; OS build 19042.1237; Version 2009; 64bit' Language: 'en' Physical Memory: 7973 MB
BatchMode: 1, IsHumanControllingUs: 0, StartBugReporterOnCrash: 0, Is64bit: 1, IsPro: 0

 COMMAND LINE ARGUMENTS:
C:\Program Files\Unity\Hub\Editor\2020.2.4f1\Editor\Unity.exe
-adb2
-batchMode
-noUpm
-name
AssetImportWorker0
-projectPath
C:/Users/zaxia/Documents/Unity project/13934447_Assess3
-logFile
Logs/AssetImportWorker0.log
-srvPort
27914
Successfully changed project path to: C:/Users/zaxia/Documents/Unity project/13934447_Assess3
C:/Users/zaxia/Documents/Unity project/13934447_Assess3
Using Asset Import Pipeline V2.
Refreshing native plugins compatible for Editor in 31.98 ms, found 1 plugins.
Preloading 0 native plugins for Editor in 0.00 ms.
Initialize engine version: 2020.2.4f1 (becced5a802b)
[Subsystems] Discovering subsystems at path C:/Program Files/Unity/Hub/Editor/2020.2.4f1/Editor/Data/Resources/UnitySubsystems
[Subsystems] Discovering subsystems at path C:/Users/zaxia/Documents/Unity project/13934447_Assess3/Assets
GfxDevice: creating device client; threaded=0
Direct3D:
    Version:  Direct3D 11.0 [level 11.1]
    Renderer: NVIDIA GeForce GTX 1650 (ID=0x1f91)
    Vendor:   
    VRAM:     3964 MB
    Driver:   27.21.14.6627
Initialize mono
Mono path[0] = 'C:/Program Files/Unity/Hub/Editor/2020.2.4f1/Editor/Data/Managed'
Mono path[1] = 'C:/Program Files/Unity/Hub/Editor/2020.2.4f1/Editor/Data/MonoBleedingEdge/lib/mono/unityjit'
Mono config path = 'C:/Program Files/Unity/Hub/Editor/2020.2.4f1/Editor/Data/MonoBleedingEdge/etc'
Using monoOptions --debugger-agent=transport=dt_socket,embedding=1,server=y,suspend=n,address=127.0.0.1:56752
Begin MonoManager ReloadAssembly
Registering precompiled unity dll's ...
Register platform support module: C:/Program Files/Unity/Hub/Editor/2020.2.4f1/Editor/Data/PlaybackEngines/WindowsStandaloneSupport/UnityEditor.WindowsStandalone.Extensions.dll
Registered in 0.002073 seconds.
Native extension for WindowsStandalone target not found
Refreshing native plugins compatible for Editor in 31.08 ms, found 1 plugins.
Preloading 0 native plugins for Editor in 0.00 ms.
Invoked RoslynAnalysisRunner static constructor.
RoslynAnalysisRunner will not be running.
RoslynAnalysisRunner has terminated.
Mono: successfully reloaded assembly
- Completed reload, in  0.937 seconds
Platform modules already initialized, skipping
Registering precompiled user dll's ...
Registered in 0.001076 seconds.
Begin MonoManager ReloadAssembly
Native extension for WindowsStandalone target not found
Refreshing native plugins compatible for Editor in 43.93 ms, found 1 plugins.
Preloading 0 native plugins for Editor in 0.00 ms.
Invoked RoslynAnalysisRunner static constructor.
RoslynAnalysisRunner will not be running.
RoslynAnalysisRunner has terminated.
Mono: successfully reloaded assembly
- Completed reload, in  0.953 seconds
Platform modules already initialized, skipping
========================================================================
Worker process is ready to serve import requests
Launched and connected shader compiler UnityShaderCompiler.exe after 0.05 seconds
Refreshing native plugins compatible for Editor in 0.33 ms, found 1 plugins.
Preloading 0 native plugins for Editor in 0.00 ms.
Unloading 1797 Unused Serialized files (Serialized files now loaded: 0)
System memory in use before: 84.3 MB.
System memory in use after: 84.3 MB.

Unloading 24 unused Assets to reduce memory usage. Loaded Objects now: 2238.
Total: 1.830100 ms (FindLiveObjects: 0.226200 ms CreateObjectMapping: 0.085900 ms MarkObjects: 1.409400 ms  DeleteObjects: 0.107700 ms)

========================================================================
Received Import Request.
  path: Assets/Sprites
  artifactKey: Guid(3d293ebab87c75048a259d631c6ddb70) Importer(815301076,1909f56bfc062723c751e8b465ee728b)
Start importing Assets/Sprites using Guid(3d293ebab87c75048a259d631c6ddb70) Importer(815301076,1909f56bfc062723c751e8b465ee728b)  -> (artifact id: '2229aba7405afb8972dd53a92eb1a36d') in 0.010063 seconds
  Import took 0.017093 seconds .

========================================================================
Received Import Request.
  Time since last request: 4.654442 seconds.
  path: Assets/Sprites/Pac-Student.png
  artifactKey: Guid(ce6e408465efe8a4ab8b5c43f79f161f) Importer(815301076,1909f56bfc062723c751e8b465ee728b)
Start importing Assets/Sprites/Pac-Student.png using Guid(ce6e408465efe8a4ab8b5c43f79f161f) Importer(815301076,1909f56bfc062723c751e8b465ee728b)  -> (artifact id: 'c6d549d3022395abc922be1ef6194c10') in 0.108293 seconds
  Import took 0.112324 seconds .

========================================================================
Received Import Request.
  Time since last request: 59.189358 seconds.
  path: Assets/Sprites/Pac-Student.png
  artifactKey: Guid(ce6e408465efe8a4ab8b5c43f79f161f) Importer(815301076,1909f56bfc062723c751e8b465ee728b)
Start importing Assets/Sprites/Pac-Student.png using Guid(ce6e408465efe8a4ab8b5c43f79f161f) Importer(815301076,1909f56bfc062723c751e8b465ee728b)  -> (artifact id: 'c1e54e6f9317f9c7574ec49a816f7726') in 0.006507 seconds
  Import took 0.011269 seconds .

========================================================================
Received Import Request.
  Time since last request: 0.042037 seconds.
  path: Assets/Sprites/Pac-Student.png
  artifactKey: Guid(ce6e408465efe8a4ab8b5c43f79f161f) Importer(815301076,1909f56bfc062723c751e8b465ee728b)
Start importing Assets/Sprites/Pac-Student.png using Guid(ce6e408465efe8a4ab8b5c43f79f161f) Importer(815301076,1909f56bfc062723c751e8b465ee728b)  -> (artifact id: 'c1e54e6f9317f9c7574ec49a816f7726') in 0.005606 seconds
  Import took 0.009187 seconds .

========================================================================
Received Import Request.
  Time since last request: 85.453017 seconds.
  path: Assets/Sprites/Pac-Student.png
  artifactKey: Guid(ce6e408465efe8a4ab8b5c43f79f161f) Importer(815301076,1909f56bfc062723c751e8b465ee728b)
Start importing Assets/Sprites/Pac-Student.png using Guid(ce6e408465efe8a4ab8b5c43f79f161f) Importer(815301076,1909f56bfc062723c751e8b465ee728b)  -> (artifact id: '8ebac7215306325a2c38de46784f84d1') in 0.025583 seconds
  Import took 0.030538 seconds .

========================================================================
Received Import Request.
  Time since last request: 77.414490 seconds.
  path: Assets/Sprites/Pac-Student.png
  artifactKey: Guid(ce6e408465efe8a4ab8b5c43f79f161f) Importer(815301076,1909f56bfc062723c751e8b465ee728b)
Start importing Assets/Sprites/Pac-Student.png using Guid(ce6e408465efe8a4ab8b5c43f79f161f) Importer(815301076,1909f56bfc062723c751e8b465ee728b)  -> (artifact id: '8b788c2b57d87fcd42c890f788068f3c') in 0.012922 seconds
  Import took 0.017125 seconds .

========================================================================
Received Import Request.
  Time since last request: 43.700082 seconds.
  path: Assets/Sprites/Pac-Student.png
  artifactKey: Guid(ce6e408465efe8a4ab8b5c43f79f161f) Importer(815301076,1909f56bfc062723c751e8b465ee728b)
Start importing Assets/Sprites/Pac-Student.png using Guid(ce6e408465efe8a4ab8b5c43f79f161f) Importer(815301076,1909f56bfc062723c751e8b465ee728b)  -> (artifact id: '3d0234c4a677dd3f3f9dbc3074ca6771') in 0.011647 seconds
  Import took 0.015498 seconds .

========================================================================
Received Import Request.
  Time since last request: 79.284896 seconds.
  path: Assets/Sprites/New Piskel.png
  artifactKey: Guid(0eb1fe42d5404c04cb6f74e067f7622f) Importer(815301076,1909f56bfc062723c751e8b465ee728b)
Start importing Assets/Sprites/New Piskel.png using Guid(0eb1fe42d5404c04cb6f74e067f7622f) Importer(815301076,1909f56bfc062723c751e8b465ee728b)  -> (artifact id: '2e46875a6e16f452a93e430e1aa5b47f') in 0.013192 seconds
  Import took 0.016487 seconds .

========================================================================
Received Import Request.
  Time since last request: 0.000300 seconds.
  path: Assets/Sprites/New Piskel.png
  artifactKey: Guid(0eb1fe42d5404c04cb6f74e067f7622f) Importer(815301076,1909f56bfc062723c751e8b465ee728b)
Start importing Assets/Sprites/New Piskel.png using Guid(0eb1fe42d5404c04cb6f74e067f7622f) Importer(815301076,1909f56bfc062723c751e8b465ee728b)  -> (artifact id: '2e46875a6e16f452a93e430e1aa5b47f') in 0.007253 seconds
  Import took 0.010928 seconds .

========================================================================
Received Import Request.
  Time since last request: 18.376398 seconds.
  path: Assets/Sprites/Pac-Student.png
  artifactKey: Guid(0eb1fe42d5404c04cb6f74e067f7622f) Importer(815301076,1909f56bfc062723c751e8b465ee728b)
Start importing Assets/Sprites/Pac-Student.png using Guid(0eb1fe42d5404c04cb6f74e067f7622f) Importer(815301076,1909f56bfc062723c751e8b465ee728b)  -> (artifact id: '730be834be6e64ba6c91a3db5fda2ada') in 0.010701 seconds
  Import took 0.013904 seconds .

========================================================================
Received Import Request.
  Time since last request: 7.578455 seconds.
  path: Assets/Sprites/Pac-Student.png
  artifactKey: Guid(0eb1fe42d5404c04cb6f74e067f7622f) Importer(815301076,1909f56bfc062723c751e8b465ee728b)
Start importing Assets/Sprites/Pac-Student.png using Guid(0eb1fe42d5404c04cb6f74e067f7622f) Importer(815301076,1909f56bfc062723c751e8b465ee728b)  -> (artifact id: '5f00377e089ff125aba430b189d8b883') in 0.007690 seconds
  Import took 0.011468 seconds .

========================================================================
Received Import Request.
  Time since last request: 0.018537 seconds.
  path: Assets/Sprites/Pac-Student.png
  artifactKey: Guid(0eb1fe42d5404c04cb6f74e067f7622f) Importer(815301076,1909f56bfc062723c751e8b465ee728b)
Start importing Assets/Sprites/Pac-Student.png using Guid(0eb1fe42d5404c04cb6f74e067f7622f) Importer(815301076,1909f56bfc062723c751e8b465ee728b)  -> (artifact id: '5f00377e089ff125aba430b189d8b883') in 0.005116 seconds
  Import took 0.010132 seconds .

========================================================================
Received Import Request.
  Time since last request: 68.415272 seconds.
  path: Assets/Sprites/Pac-Student.png
  artifactKey: Guid(0eb1fe42d5404c04cb6f74e067f7622f) Importer(815301076,1909f56bfc062723c751e8b465ee728b)
Start importing Assets/Sprites/Pac-Student.png using Guid(0eb1fe42d5404c04cb6f74e067f7622f) Importer(815301076,1909f56bfc062723c751e8b465ee728b)  -> (artifact id: '4925105705aeb11ece4c3df61eaf31a9') in 0.047618 seconds
  Import took 0.051449 seconds .

========================================================================
Received Import Request.
  Time since last request: 65.478947 seconds.
  path: Assets/Sprites/New Piskel.png
  artifactKey: Guid(28d512bf526083a4e9be27a5c00a15ae) Importer(815301076,1909f56bfc062723c751e8b465ee728b)
Start importing Assets/Sprites/New Piskel.png using Guid(28d512bf526083a4e9be27a5c00a15ae) Importer(815301076,1909f56bfc062723c751e8b465ee728b)  -> (artifact id: 'f16ba91f08f46da6246454b2a53d8acb') in 0.009723 seconds
  Import took 0.013806 seconds .

========================================================================
Received Import Request.
  Time since last request: 0.002356 seconds.
  path: Assets/Sprites/New Piskel.png
  artifactKey: Guid(28d512bf526083a4e9be27a5c00a15ae) Importer(815301076,1909f56bfc062723c751e8b465ee728b)
Start importing Assets/Sprites/New Piskel.png using Guid(28d512bf526083a4e9be27a5c00a15ae) Importer(815301076,1909f56bfc062723c751e8b465ee728b)  -> (artifact id: 'f16ba91f08f46da6246454b2a53d8acb') in 0.006895 seconds
  Import took 0.011144 seconds .

========================================================================
Received Import Request.
  Time since last request: 7.939499 seconds.
  path: Assets/Sprites/Pac-Student.png
  artifactKey: Guid(28d512bf526083a4e9be27a5c00a15ae) Importer(815301076,1909f56bfc062723c751e8b465ee728b)
Start importing Assets/Sprites/Pac-Student.png using Guid(28d512bf526083a4e9be27a5c00a15ae) Importer(815301076,1909f56bfc062723c751e8b465ee728b)  -> (artifact id: '15834ba68ebe8afe50619a3ad209a5e9') in 0.009712 seconds
  Import took 0.012868 seconds .

========================================================================
Received Import Request.
  Time since last request: 5.180983 seconds.
  path: Assets/Sprites/Pac-Student.png
  artifactKey: Guid(28d512bf526083a4e9be27a5c00a15ae) Importer(815301076,1909f56bfc062723c751e8b465ee728b)
Start importing Assets/Sprites/Pac-Student.png using Guid(28d512bf526083a4e9be27a5c00a15ae) Importer(815301076,1909f56bfc062723c751e8b465ee728b)  -> (artifact id: 'b3c442289dac7986231e07b3b1c67c8e') in 0.007358 seconds
  Import took 0.011929 seconds .

========================================================================
Received Import Request.
  Time since last request: 0.018856 seconds.
  path: Assets/Sprites/Pac-Student.png
  artifactKey: Guid(28d512bf526083a4e9be27a5c00a15ae) Importer(815301076,1909f56bfc062723c751e8b465ee728b)
Start importing Assets/Sprites/Pac-Student.png using Guid(28d512bf526083a4e9be27a5c00a15ae) Importer(815301076,1909f56bfc062723c751e8b465ee728b)  -> (artifact id: 'b3c442289dac7986231e07b3b1c67c8e') in 0.004602 seconds
  Import took 0.008772 seconds .

========================================================================
Received Import Request.
  Time since last request: 34.584212 seconds.
  path: Assets/Sprites/Pac-Student.png
  artifactKey: Guid(28d512bf526083a4e9be27a5c00a15ae) Importer(815301076,1909f56bfc062723c751e8b465ee728b)
Start importing Assets/Sprites/Pac-Student.png using Guid(28d512bf526083a4e9be27a5c00a15ae) Importer(815301076,1909f56bfc062723c751e8b465ee728b)  -> (artifact id: 'c84a7efae79c27e7df6bcf35ebc5b70e') in 0.019904 seconds
  Import took 0.022878 seconds .

========================================================================
Received Import Request.
  Time since last request: 20.882433 seconds.
  path: Assets/Sprites/Pac-Student.png
  artifactKey: Guid(28d512bf526083a4e9be27a5c00a15ae) Importer(815301076,1909f56bfc062723c751e8b465ee728b)
Start importing Assets/Sprites/Pac-Student.png using Guid(28d512bf526083a4e9be27a5c00a15ae) Importer(815301076,1909f56bfc062723c751e8b465ee728b)  -> (artifact id: '95a095b2d8d8c24286e1fbc69956f839') in 0.021557 seconds
  Import took 0.026815 seconds .

========================================================================
Received Import Request.
  Time since last request: 786.826285 seconds.
  path: Assets/Sprites/New Piskel (1).png
  artifactKey: Guid(4e8c0409915ee554ca937edc0a939faa) Importer(815301076,1909f56bfc062723c751e8b465ee728b)
Start importing Assets/Sprites/New Piskel (1).png using Guid(4e8c0409915ee554ca937edc0a939faa) Importer(815301076,1909f56bfc062723c751e8b465ee728b)  -> (artifact id: '0a230b343d8a5034285c9988068b0b72') in 0.012023 seconds
  Import took 0.016216 seconds .

========================================================================
Received Import Request.
  Time since last request: 9.942929 seconds.
  path: Assets/Sprites/Normal State Ghost.png
  artifactKey: Guid(4e8c0409915ee554ca937edc0a939faa) Importer(815301076,1909f56bfc062723c751e8b465ee728b)
Start importing Assets/Sprites/Normal State Ghost.png using Guid(4e8c0409915ee554ca937edc0a939faa) Importer(815301076,1909f56bfc062723c751e8b465ee728b)  -> (artifact id: '454adf84843e091c6b0cadea455344d7') in 0.008275 seconds
  Import took 0.011756 seconds .

========================================================================
Received Import Request.
  Time since last request: 4.796951 seconds.
  path: Assets/Sprites/Normal State Ghost.png
  artifactKey: Guid(4e8c0409915ee554ca937edc0a939faa) Importer(815301076,1909f56bfc062723c751e8b465ee728b)
Start importing Assets/Sprites/Normal State Ghost.png using Guid(4e8c0409915ee554ca937edc0a939faa) Importer(815301076,1909f56bfc062723c751e8b465ee728b)  -> (artifact id: '2c847d2825735980c09810aac837c3a3') in 0.008057 seconds
  Import took 0.011319 seconds .

========================================================================
Received Import Request.
  Time since last request: 0.019980 seconds.
  path: Assets/Sprites/Normal State Ghost.png
  artifactKey: Guid(4e8c0409915ee554ca937edc0a939faa) Importer(815301076,1909f56bfc062723c751e8b465ee728b)
Start importing Assets/Sprites/Normal State Ghost.png using Guid(4e8c0409915ee554ca937edc0a939faa) Importer(815301076,1909f56bfc062723c751e8b465ee728b)  -> (artifact id: '2c847d2825735980c09810aac837c3a3') in 0.005567 seconds
  Import took 0.009999 seconds .

========================================================================
Received Import Request.
  Time since last request: 10.599726 seconds.
  path: Assets/Sprites/Normal State Ghost.png
  artifactKey: Guid(4e8c0409915ee554ca937edc0a939faa) Importer(815301076,1909f56bfc062723c751e8b465ee728b)
Start importing Assets/Sprites/Normal State Ghost.png using Guid(4e8c0409915ee554ca937edc0a939faa) Importer(815301076,1909f56bfc062723c751e8b465ee728b)  -> (artifact id: '07462b4de9f225a4fd66756ffb4a4a6e') in 0.011821 seconds
  Import took 0.016262 seconds .

========================================================================
Received Prepare
Registering precompiled user dll's ...
Registered in 0.001042 seconds.
Begin MonoManager ReloadAssembly
Native extension for WindowsStandalone target not found
Refreshing native plugins compatible for Editor in 0.33 ms, found 1 plugins.
Preloading 0 native plugins for Editor in 0.00 ms.
Invoked RoslynAnalysisRunner static constructor.
RoslynAnalysisRunner will not be running.
RoslynAnalysisRunner has terminated.
Mono: successfully reloaded assembly
- Completed reload, in  0.834 seconds
Platform modules already initialized, skipping
Refreshing native plugins compatible for Editor in 0.40 ms, found 1 plugins.
Preloading 0 native plugins for Editor in 0.00 ms.
Unloading 1792 Unused Serialized files (Serialized files now loaded: 0)
System memory in use before: 87.5 MB.
System memory in use after: 87.5 MB.

Unloading 12 unused Assets to reduce memory usage. Loaded Objects now: 2299.
Total: 1.789700 ms (FindLiveObjects: 0.188600 ms CreateObjectMapping: 0.069900 ms MarkObjects: 1.437500 ms  DeleteObjects: 0.092900 ms)

========================================================================
Received Prepare
Registering precompiled user dll's ...
Registered in 0.001056 seconds.
Begin MonoManager ReloadAssembly
Native extension for WindowsStandalone target not found
Refreshing native plugins compatible for Editor in 0.32 ms, found 1 plugins.
Preloading 0 native plugins for Editor in 0.00 ms.
Invoked RoslynAnalysisRunner static constructor.
RoslynAnalysisRunner will not be running.
RoslynAnalysisRunner has terminated.
Mono: successfully reloaded assembly
- Completed reload, in  0.766 seconds
Platform modules already initialized, skipping
Refreshing native plugins compatible for Editor in 0.32 ms, found 1 plugins.
Preloading 0 native plugins for Editor in 0.00 ms.
Unloading 1792 Unused Serialized files (Serialized files now loaded: 0)
System memory in use before: 87.5 MB.
System memory in use after: 87.5 MB.

Unloading 12 unused Assets to reduce memory usage. Loaded Objects now: 2302.
Total: 4.212600 ms (FindLiveObjects: 0.348500 ms CreateObjectMapping: 0.162500 ms MarkObjects: 3.522200 ms  DeleteObjects: 0.177500 ms)

========================================================================
Received Import Request.
  Time since last request: 508.009810 seconds.
  path: Assets/Sprites/New Piskel (2).png
  artifactKey: Guid(52f5e462d9d635844ba3686a583eeaab) Importer(815301076,1909f56bfc062723c751e8b465ee728b)
Start importing Assets/Sprites/New Piskel (2).png using Guid(52f5e462d9d635844ba3686a583eeaab) Importer(815301076,1909f56bfc062723c751e8b465ee728b)  -> (artifact id: '43a88d93a59d6084810d53e4e0df3ca5') in 0.051375 seconds
  Import took 0.055351 seconds .

========================================================================
Received Import Request.
  Time since last request: 11.819499 seconds.
  path: Assets/Sprites/Normal State Ghost.png
  artifactKey: Guid(52f5e462d9d635844ba3686a583eeaab) Importer(815301076,1909f56bfc062723c751e8b465ee728b)
Start importing Assets/Sprites/Normal State Ghost.png using Guid(52f5e462d9d635844ba3686a583eeaab) Importer(815301076,1909f56bfc062723c751e8b465ee728b)  -> (artifact id: 'f2676b6043e0e03efe6df112b14dc1af') in 0.011063 seconds
  Import took 0.014204 seconds .

========================================================================
Received Import Request.
  Time since last request: 5.572393 seconds.
  path: Assets/Sprites/Normal State Ghost.png
  artifactKey: Guid(52f5e462d9d635844ba3686a583eeaab) Importer(815301076,1909f56bfc062723c751e8b465ee728b)
Start importing Assets/Sprites/Normal State Ghost.png using Guid(52f5e462d9d635844ba3686a583eeaab) Importer(815301076,1909f56bfc062723c751e8b465ee728b)  -> (artifact id: '9301005f715090ba3ae7d2728e8b12bc') in 0.006452 seconds
  Import took 0.011245 seconds .

========================================================================
Received Import Request.
  Time since last request: 0.042870 seconds.
  path: Assets/Sprites/Normal State Ghost.png
  artifactKey: Guid(52f5e462d9d635844ba3686a583eeaab) Importer(815301076,1909f56bfc062723c751e8b465ee728b)
Start importing Assets/Sprites/Normal State Ghost.png using Guid(52f5e462d9d635844ba3686a583eeaab) Importer(815301076,1909f56bfc062723c751e8b465ee728b)  -> (artifact id: '9301005f715090ba3ae7d2728e8b12bc') in 0.007655 seconds
  Import took 0.012198 seconds .

========================================================================
Received Import Request.
  Time since last request: 4.370633 seconds.
  path: Assets/Sprites/Normal State Ghost.png
  artifactKey: Guid(52f5e462d9d635844ba3686a583eeaab) Importer(815301076,1909f56bfc062723c751e8b465ee728b)
Start importing Assets/Sprites/Normal State Ghost.png using Guid(52f5e462d9d635844ba3686a583eeaab) Importer(815301076,1909f56bfc062723c751e8b465ee728b)  -> (artifact id: '026f351a19bad6aa9dc71a1964008acf') in 0.011907 seconds
  Import took 0.015211 seconds .

========================================================================
Received Import Request.
  Time since last request: 325.258134 seconds.
  path: Assets/Sprites/New Piskel (3).png
  artifactKey: Guid(c4ed528250f1bba47ba27ba4b9a51d97) Importer(815301076,1909f56bfc062723c751e8b465ee728b)
Start importing Assets/Sprites/New Piskel (3).png using Guid(c4ed528250f1bba47ba27ba4b9a51d97) Importer(815301076,1909f56bfc062723c751e8b465ee728b)  -> (artifact id: 'a0b99fada72c25cb411e92265075f048') in 0.010539 seconds
  Import took 0.014134 seconds .

========================================================================
Received Import Request.
  Time since last request: 20.586413 seconds.
  path: Assets/Sprites/Scared State Ghost.png
  artifactKey: Guid(c4ed528250f1bba47ba27ba4b9a51d97) Importer(815301076,1909f56bfc062723c751e8b465ee728b)
Start importing Assets/Sprites/Scared State Ghost.png using Guid(c4ed528250f1bba47ba27ba4b9a51d97) Importer(815301076,1909f56bfc062723c751e8b465ee728b)  -> (artifact id: 'a72851f4c9eca38c1fbc93e119b2b26d') in 0.008177 seconds
  Import took 0.012031 seconds .

========================================================================
Received Import Request.
  Time since last request: 683.168955 seconds.
  path: Assets/Sprites/New Piskel (4).png
  artifactKey: Guid(d5f191efb02b51c42bdc8946e287488f) Importer(815301076,1909f56bfc062723c751e8b465ee728b)
Start importing Assets/Sprites/New Piskel (4).png using Guid(d5f191efb02b51c42bdc8946e287488f) Importer(815301076,1909f56bfc062723c751e8b465ee728b)  -> (artifact id: 'e69df11b6d3d7744421763a5eab0fc32') in 0.010418 seconds
  Import took 0.014272 seconds .

========================================================================
Received Import Request.
  Time since last request: 25.003642 seconds.
  path: Assets/Sprites/Dead State Ghost.png
  artifactKey: Guid(d5f191efb02b51c42bdc8946e287488f) Importer(815301076,1909f56bfc062723c751e8b465ee728b)
Start importing Assets/Sprites/Dead State Ghost.png using Guid(d5f191efb02b51c42bdc8946e287488f) Importer(815301076,1909f56bfc062723c751e8b465ee728b)  -> (artifact id: '5fbd2aaff87299df4d82ad216c84a1c4') in 0.008727 seconds
  Import took 0.012173 seconds .

========================================================================
Received Import Request.
  Time since last request: 90.070295 seconds.
  path: Assets/Sprites/New Piskel (5).png
  artifactKey: Guid(edd57371a5e1a6f458450cd6d9a69799) Importer(815301076,1909f56bfc062723c751e8b465ee728b)
Start importing Assets/Sprites/New Piskel (5).png using Guid(edd57371a5e1a6f458450cd6d9a69799) Importer(815301076,1909f56bfc062723c751e8b465ee728b)  -> (artifact id: '2eae54ecadb0bfc1a6523454b9535641') in 0.011416 seconds
  Import took 0.015315 seconds .

========================================================================
Received Import Request.
  Time since last request: 0.002498 seconds.
  path: Assets/Sprites/New Piskel (5).png
  artifactKey: Guid(edd57371a5e1a6f458450cd6d9a69799) Importer(815301076,1909f56bfc062723c751e8b465ee728b)
Start importing Assets/Sprites/New Piskel (5).png using Guid(edd57371a5e1a6f458450cd6d9a69799) Importer(815301076,1909f56bfc062723c751e8b465ee728b)  -> (artifact id: '2eae54ecadb0bfc1a6523454b9535641') in 0.008976 seconds
  Import took 0.014073 seconds .

========================================================================
Received Import Request.
  Time since last request: 11.286402 seconds.
  path: Assets/Sprites/Dead State Ghost.png
  artifactKey: Guid(edd57371a5e1a6f458450cd6d9a69799) Importer(815301076,1909f56bfc062723c751e8b465ee728b)
Start importing Assets/Sprites/Dead State Ghost.png using Guid(edd57371a5e1a6f458450cd6d9a69799) Importer(815301076,1909f56bfc062723c751e8b465ee728b)  -> (artifact id: '96ecacb4d40bf61d78c9332dab6a2251') in 0.008955 seconds
  Import took 0.012352 seconds .

========================================================================
Received Import Request.
  Time since last request: 983.948041 seconds.
  path: Assets/Sprites/New Piskel (6).png
  artifactKey: Guid(dd5d4c4aa2e17ea45b988359ee4c3415) Importer(815301076,1909f56bfc062723c751e8b465ee728b)
Start importing Assets/Sprites/New Piskel (6).png using Guid(dd5d4c4aa2e17ea45b988359ee4c3415) Importer(815301076,1909f56bfc062723c751e8b465ee728b)  -> (artifact id: 'ccfd646a03862038c4e9fa920316a572') in 0.010634 seconds
  Import took 0.014490 seconds .

========================================================================
Received Import Request.
  Time since last request: 0.001330 seconds.
  path: Assets/Sprites/New Piskel (6).png
  artifactKey: Guid(dd5d4c4aa2e17ea45b988359ee4c3415) Importer(815301076,1909f56bfc062723c751e8b465ee728b)
Start importing Assets/Sprites/New Piskel (6).png using Guid(dd5d4c4aa2e17ea45b988359ee4c3415) Importer(815301076,1909f56bfc062723c751e8b465ee728b)  -> (artifact id: 'ccfd646a03862038c4e9fa920316a572') in 0.008457 seconds
  Import took 0.011550 seconds .

========================================================================
Received Import Request.
  Time since last request: 90.799748 seconds.
  path: Assets/Sprites/New Piskel (7).png
  artifactKey: Guid(8cf1ee28c5025da40a93337b9b5ff1b8) Importer(815301076,1909f56bfc062723c751e8b465ee728b)
Start importing Assets/Sprites/New Piskel (7).png using Guid(8cf1ee28c5025da40a93337b9b5ff1b8) Importer(815301076,1909f56bfc062723c751e8b465ee728b)  -> (artifact id: '988238a7f13b64956038ad8b02311e4d') in 0.011640 seconds
  Import took 0.015581 seconds .

========================================================================
Received Import Request.
  Time since last request: 55.703593 seconds.
  path: Assets/Sprites/New Piskel (7).png
  artifactKey: Guid(8cf1ee28c5025da40a93337b9b5ff1b8) Importer(815301076,1909f56bfc062723c751e8b465ee728b)
Start importing Assets/Sprites/New Piskel (7).png using Guid(8cf1ee28c5025da40a93337b9b5ff1b8) Importer(815301076,1909f56bfc062723c751e8b465ee728b)  -> (artifact id: '4a3668001d257e5da6a9e5ae27f0b5c1') in 0.007247 seconds
  Import took 0.011741 seconds .

========================================================================
Received Import Request.
  Time since last request: 0.020191 seconds.
  path: Assets/Sprites/New Piskel (7).png
  artifactKey: Guid(8cf1ee28c5025da40a93337b9b5ff1b8) Importer(815301076,1909f56bfc062723c751e8b465ee728b)
Start importing Assets/Sprites/New Piskel (7).png using Guid(8cf1ee28c5025da40a93337b9b5ff1b8) Importer(815301076,1909f56bfc062723c751e8b465ee728b)  -> (artifact id: '4a3668001d257e5da6a9e5ae27f0b5c1') in 0.007260 seconds
  Import took 0.012326 seconds .

========================================================================
Received Import Request.
  Time since last request: 5.787104 seconds.
  path: Assets/Sprites/New Piskel (7).png
  artifactKey: Guid(8cf1ee28c5025da40a93337b9b5ff1b8) Importer(815301076,1909f56bfc062723c751e8b465ee728b)
Start importing Assets/Sprites/New Piskel (7).png using Guid(8cf1ee28c5025da40a93337b9b5ff1b8) Importer(815301076,1909f56bfc062723c751e8b465ee728b)  -> (artifact id: '05259b937f4e87eeaa3903643de0949b') in 0.008359 seconds
  Import took 0.012429 seconds .

========================================================================
Received Import Request.
  Time since last request: 10.560428 seconds.
  path: Assets/Sprites/Scared State Ghost.png
  artifactKey: Guid(c4ed528250f1bba47ba27ba4b9a51d97) Importer(815301076,1909f56bfc062723c751e8b465ee728b)
Start importing Assets/Sprites/Scared State Ghost.png using Guid(c4ed528250f1bba47ba27ba4b9a51d97) Importer(815301076,1909f56bfc062723c751e8b465ee728b)  -> (artifact id: '60e0a70d8413c82b24a989b39c4a2b5a') in 0.006648 seconds
  Import took 0.010059 seconds .

========================================================================
Received Import Request.
  Time since last request: 0.000819 seconds.
  path: Assets/Sprites/Scared State Ghost.png
  artifactKey: Guid(c4ed528250f1bba47ba27ba4b9a51d97) Importer(815301076,1909f56bfc062723c751e8b465ee728b)
Start importing Assets/Sprites/Scared State Ghost.png using Guid(c4ed528250f1bba47ba27ba4b9a51d97) Importer(815301076,1909f56bfc062723c751e8b465ee728b)  -> (artifact id: '60e0a70d8413c82b24a989b39c4a2b5a') in 0.006302 seconds
  Import took 0.009298 seconds .

========================================================================
Received Import Request.
  Time since last request: 3.043059 seconds.
  path: Assets/Sprites/Scared State Ghost.png
  artifactKey: Guid(c4ed528250f1bba47ba27ba4b9a51d97) Importer(815301076,1909f56bfc062723c751e8b465ee728b)
Start importing Assets/Sprites/Scared State Ghost.png using Guid(c4ed528250f1bba47ba27ba4b9a51d97) Importer(815301076,1909f56bfc062723c751e8b465ee728b)  -> (artifact id: '00bc9094fe08dac7b788e95e314c2269') in 0.008418 seconds
  Import took 0.011506 seconds .

========================================================================
Received Import Request.
  Time since last request: 16.541699 seconds.
  path: Assets/Sprites/Cherry.png
  artifactKey: Guid(8cf1ee28c5025da40a93337b9b5ff1b8) Importer(815301076,1909f56bfc062723c751e8b465ee728b)
Start importing Assets/Sprites/Cherry.png using Guid(8cf1ee28c5025da40a93337b9b5ff1b8) Importer(815301076,1909f56bfc062723c751e8b465ee728b)  -> (artifact id: 'cef38a9b8293302dc8e5fb4ac5952226') in 0.007843 seconds
  Import took 0.011026 seconds .

========================================================================
Received Import Request.
  Time since last request: 17.341136 seconds.
  path: Assets/Sprites/Cherry.png
  artifactKey: Guid(8cf1ee28c5025da40a93337b9b5ff1b8) Importer(815301076,1909f56bfc062723c751e8b465ee728b)
Start importing Assets/Sprites/Cherry.png using Guid(8cf1ee28c5025da40a93337b9b5ff1b8) Importer(815301076,1909f56bfc062723c751e8b465ee728b)  -> (artifact id: '287857c5068177f13a88b15cc1fb57ed') in 0.007858 seconds
  Import took 0.012312 seconds .

========================================================================
Received Prepare
Registering precompiled user dll's ...
Registered in 0.002356 seconds.
Begin MonoManager ReloadAssembly
Native extension for WindowsStandalone target not found
Refreshing native plugins compatible for Editor in 0.33 ms, found 1 plugins.
Preloading 0 native plugins for Editor in 0.00 ms.
Invoked RoslynAnalysisRunner static constructor.
RoslynAnalysisRunner will not be running.
RoslynAnalysisRunner has terminated.
Mono: successfully reloaded assembly
- Completed reload, in  0.775 seconds
Platform modules already initialized, skipping
Refreshing native plugins compatible for Editor in 0.32 ms, found 1 plugins.
Preloading 0 native plugins for Editor in 0.00 ms.
Unloading 1792 Unused Serialized files (Serialized files now loaded: 0)
System memory in use before: 87.5 MB.
System memory in use after: 87.5 MB.

Unloading 12 unused Assets to reduce memory usage. Loaded Objects now: 2310.
Total: 3.067500 ms (FindLiveObjects: 0.289000 ms CreateObjectMapping: 0.127100 ms MarkObjects: 2.507200 ms  DeleteObjects: 0.142700 ms)

========================================================================
Received Import Request.
  Time since last request: 440.742740 seconds.
  path: Assets/Sprites/New Piskel (8).png
  artifactKey: Guid(4dc7797e2f299dd4a888c43475f8ae3f) Importer(815301076,1909f56bfc062723c751e8b465ee728b)
Start importing Assets/Sprites/New Piskel (8).png using Guid(4dc7797e2f299dd4a888c43475f8ae3f) Importer(815301076,1909f56bfc062723c751e8b465ee728b)  -> (artifact id: '8cc0d63f2b19f5811f4d8be2ff1c8c80') in 0.052259 seconds
  Import took 0.057990 seconds .

========================================================================
Received Import Request.
  Time since last request: 34.653030 seconds.
  path: Assets/Sprites/Pellets.png
  artifactKey: Guid(4dc7797e2f299dd4a888c43475f8ae3f) Importer(815301076,1909f56bfc062723c751e8b465ee728b)
Start importing Assets/Sprites/Pellets.png using Guid(4dc7797e2f299dd4a888c43475f8ae3f) Importer(815301076,1909f56bfc062723c751e8b465ee728b)  -> (artifact id: 'decf97de64d75fc65ee8c0ec860220e7') in 0.007885 seconds
  Import took 0.011626 seconds .

========================================================================
Received Prepare
Registering precompiled user dll's ...
Registered in 0.001610 seconds.
Begin MonoManager ReloadAssembly
Native extension for WindowsStandalone target not found
Refreshing native plugins compatible for Editor in 0.41 ms, found 1 plugins.
Preloading 0 native plugins for Editor in 0.00 ms.
Invoked RoslynAnalysisRunner static constructor.
RoslynAnalysisRunner will not be running.
RoslynAnalysisRunner has terminated.
Mono: successfully reloaded assembly
- Completed reload, in  0.798 seconds
Platform modules already initialized, skipping
Refreshing native plugins compatible for Editor in 0.32 ms, found 1 plugins.
Preloading 0 native plugins for Editor in 0.00 ms.
Unloading 1792 Unused Serialized files (Serialized files now loaded: 0)
System memory in use before: 87.5 MB.
System memory in use after: 87.5 MB.

Unloading 12 unused Assets to reduce memory usage. Loaded Objects now: 2314.
Total: 4.822400 ms (FindLiveObjects: 0.390000 ms CreateObjectMapping: 0.157500 ms MarkObjects: 4.054500 ms  DeleteObjects: 0.218100 ms)

========================================================================
Received Import Request.
  Time since last request: 43.479554 seconds.
  path: Assets/Sprites/Power Pellet.png
  artifactKey: Guid(4dc7797e2f299dd4a888c43475f8ae3f) Importer(815301076,1909f56bfc062723c751e8b465ee728b)
Start importing Assets/Sprites/Power Pellet.png using Guid(4dc7797e2f299dd4a888c43475f8ae3f) Importer(815301076,1909f56bfc062723c751e8b465ee728b)  -> (artifact id: 'f9f0bcfda15a8e668cc4f2fa108cc84b') in 0.049351 seconds
  Import took 0.053568 seconds .

========================================================================
Received Import Request.
  Time since last request: 5.656182 seconds.
  path: Assets/Sprites/Power Pellet.png
  artifactKey: Guid(4dc7797e2f299dd4a888c43475f8ae3f) Importer(815301076,1909f56bfc062723c751e8b465ee728b)
Start importing Assets/Sprites/Power Pellet.png using Guid(4dc7797e2f299dd4a888c43475f8ae3f) Importer(815301076,1909f56bfc062723c751e8b465ee728b)  -> (artifact id: 'f8bf9bf666d80846203bfd1feade9607') in 0.006195 seconds
  Import took 0.010019 seconds .

========================================================================
Received Import Request.
  Time since last request: 0.046430 seconds.
  path: Assets/Sprites/Power Pellet.png
  artifactKey: Guid(4dc7797e2f299dd4a888c43475f8ae3f) Importer(815301076,1909f56bfc062723c751e8b465ee728b)
Start importing Assets/Sprites/Power Pellet.png using Guid(4dc7797e2f299dd4a888c43475f8ae3f) Importer(815301076,1909f56bfc062723c751e8b465ee728b)  -> (artifact id: 'f8bf9bf666d80846203bfd1feade9607') in 0.005031 seconds
  Import took 0.008497 seconds .

========================================================================
Received Import Request.
  Time since last request: 8.633473 seconds.
  path: Assets/Sprites/Power Pellet.png
  artifactKey: Guid(4dc7797e2f299dd4a888c43475f8ae3f) Importer(815301076,1909f56bfc062723c751e8b465ee728b)
Start importing Assets/Sprites/Power Pellet.png using Guid(4dc7797e2f299dd4a888c43475f8ae3f) Importer(815301076,1909f56bfc062723c751e8b465ee728b)  -> (artifact id: '56122b5996627f361c807de169523243') in 0.008249 seconds
  Import took 0.011399 seconds .

========================================================================
Received Prepare
Registering precompiled user dll's ...
Registered in 0.001171 seconds.
Begin MonoManager ReloadAssembly
Native extension for WindowsStandalone target not found
Refreshing native plugins compatible for Editor in 0.32 ms, found 1 plugins.
Preloading 0 native plugins for Editor in 0.00 ms.
Invoked RoslynAnalysisRunner static constructor.
RoslynAnalysisRunner will not be running.
RoslynAnalysisRunner has terminated.
Mono: successfully reloaded assembly
- Completed reload, in  0.777 seconds
Platform modules already initialized, skipping
Refreshing native plugins compatible for Editor in 0.32 ms, found 1 plugins.
Preloading 0 native plugins for Editor in 0.00 ms.
Unloading 1792 Unused Serialized files (Serialized files now loaded: 0)
System memory in use before: 87.6 MB.
System memory in use after: 87.5 MB.

Unloading 12 unused Assets to reduce memory usage. Loaded Objects now: 2320.
Total: 4.053900 ms (FindLiveObjects: 0.325400 ms CreateObjectMapping: 0.150500 ms MarkObjects: 3.357400 ms  DeleteObjects: 0.218800 ms)

========================================================================
Received Import Request.
  Time since last request: 134.233279 seconds.
  path: Assets/Sprites/New Piskel (9).png
  artifactKey: Guid(aad3e484b1167ea40b4693d0ffe48232) Importer(815301076,1909f56bfc062723c751e8b465ee728b)
Start importing Assets/Sprites/New Piskel (9).png using Guid(aad3e484b1167ea40b4693d0ffe48232) Importer(815301076,1909f56bfc062723c751e8b465ee728b)  -> (artifact id: '55c6919c914ed1ce2787050999da34d5') in 0.048976 seconds
  Import took 0.052202 seconds .

========================================================================
Received Prepare
Registering precompiled user dll's ...
Registered in 0.001128 seconds.
Begin MonoManager ReloadAssembly
Native extension for WindowsStandalone target not found
Refreshing native plugins compatible for Editor in 0.32 ms, found 1 plugins.
Preloading 0 native plugins for Editor in 0.00 ms.
Invoked RoslynAnalysisRunner static constructor.
RoslynAnalysisRunner will not be running.
RoslynAnalysisRunner has terminated.
Mono: successfully reloaded assembly
- Completed reload, in  0.767 seconds
Platform modules already initialized, skipping
Refreshing native plugins compatible for Editor in 0.37 ms, found 1 plugins.
Preloading 0 native plugins for Editor in 0.00 ms.
Unloading 1792 Unused Serialized files (Serialized files now loaded: 0)
System memory in use before: 87.6 MB.
System memory in use after: 87.6 MB.

Unloading 12 unused Assets to reduce memory usage. Loaded Objects now: 2326.
Total: 1.946900 ms (FindLiveObjects: 0.177000 ms CreateObjectMapping: 0.059400 ms MarkObjects: 1.612900 ms  DeleteObjects: 0.096900 ms)

========================================================================
Received Import Request.
  Time since last request: 42.768489 seconds.
  path: Assets/Sprites/Pellet.png
  artifactKey: Guid(aad3e484b1167ea40b4693d0ffe48232) Importer(815301076,1909f56bfc062723c751e8b465ee728b)
Start importing Assets/Sprites/Pellet.png using Guid(aad3e484b1167ea40b4693d0ffe48232) Importer(815301076,1909f56bfc062723c751e8b465ee728b)  -> (artifact id: '0b274f38425a7fe1f8edd32416b21db3') in 0.050018 seconds
  Import took 0.053400 seconds .

========================================================================
Received Import Request.
  Time since last request: 8.641224 seconds.
  path: Assets/Sprites/Pellet.png
  artifactKey: Guid(aad3e484b1167ea40b4693d0ffe48232) Importer(815301076,1909f56bfc062723c751e8b465ee728b)
Start importing Assets/Sprites/Pellet.png using Guid(aad3e484b1167ea40b4693d0ffe48232) Importer(815301076,1909f56bfc062723c751e8b465ee728b)  -> (artifact id: 'aaa6895ed1dfb7a4d300e0ae1b2d163e') in 0.006017 seconds
  Import took 0.010115 seconds .

========================================================================
Received Import Request.
  Time since last request: 0.027069 seconds.
  path: Assets/Sprites/Pellet.png
  artifactKey: Guid(aad3e484b1167ea40b4693d0ffe48232) Importer(815301076,1909f56bfc062723c751e8b465ee728b)
Start importing Assets/Sprites/Pellet.png using Guid(aad3e484b1167ea40b4693d0ffe48232) Importer(815301076,1909f56bfc062723c751e8b465ee728b)  -> (artifact id: 'aaa6895ed1dfb7a4d300e0ae1b2d163e') in 0.005138 seconds
  Import took 0.011648 seconds .

========================================================================
Received Import Request.
  Time since last request: 4.260073 seconds.
  path: Assets/Sprites/Pellet.png
  artifactKey: Guid(aad3e484b1167ea40b4693d0ffe48232) Importer(815301076,1909f56bfc062723c751e8b465ee728b)
Start importing Assets/Sprites/Pellet.png using Guid(aad3e484b1167ea40b4693d0ffe48232) Importer(815301076,1909f56bfc062723c751e8b465ee728b)  -> (artifact id: '147c21f21c1392df32a0d83d0caff582') in 0.007886 seconds
  Import took 0.011266 seconds .

========================================================================
Received Import Request.
  Time since last request: 122.404510 seconds.
  path: Assets/Sprites/New Piskel (10).png
  artifactKey: Guid(729473b4bd408984e93cfa17c4e29617) Importer(815301076,1909f56bfc062723c751e8b465ee728b)
Start importing Assets/Sprites/New Piskel (10).png using Guid(729473b4bd408984e93cfa17c4e29617) Importer(815301076,1909f56bfc062723c751e8b465ee728b)  -> (artifact id: '0e1658f86a5104e94477b0f7a0d51a67') in 0.010391 seconds
  Import took 0.014023 seconds .

========================================================================
Received Import Request.
  Time since last request: 0.002982 seconds.
  path: Assets/Sprites/New Piskel (10).png
  artifactKey: Guid(729473b4bd408984e93cfa17c4e29617) Importer(815301076,1909f56bfc062723c751e8b465ee728b)
Start importing Assets/Sprites/New Piskel (10).png using Guid(729473b4bd408984e93cfa17c4e29617) Importer(815301076,1909f56bfc062723c751e8b465ee728b)  -> (artifact id: '0e1658f86a5104e94477b0f7a0d51a67') in 0.008118 seconds
  Import took 0.012769 seconds .

========================================================================
Received Import Request.
  Time since last request: 19.739714 seconds.
  path: Assets/Sprites/Life Indicator.png
  artifactKey: Guid(729473b4bd408984e93cfa17c4e29617) Importer(815301076,1909f56bfc062723c751e8b465ee728b)
Start importing Assets/Sprites/Life Indicator.png using Guid(729473b4bd408984e93cfa17c4e29617) Importer(815301076,1909f56bfc062723c751e8b465ee728b)  -> (artifact id: 'e49945e4d422821c9ffa8b6a007e82a6') in 0.007752 seconds
  Import took 0.010857 seconds .

========================================================================
Received Import Request.
  Time since last request: 5.090032 seconds.
  path: Assets/Sprites/Life Indicator.png
  artifactKey: Guid(729473b4bd408984e93cfa17c4e29617) Importer(815301076,1909f56bfc062723c751e8b465ee728b)
Start importing Assets/Sprites/Life Indicator.png using Guid(729473b4bd408984e93cfa17c4e29617) Importer(815301076,1909f56bfc062723c751e8b465ee728b)  -> (artifact id: '70f00998b77cc8ddbb1e8725e5a2b461') in 0.008366 seconds
  Import took 0.012420 seconds .

========================================================================
Received Import Request.
  Time since last request: 0.002367 seconds.
  path: Assets/Sprites/Life Indicator.png
  artifactKey: Guid(729473b4bd408984e93cfa17c4e29617) Importer(815301076,1909f56bfc062723c751e8b465ee728b)
Start importing Assets/Sprites/Life Indicator.png using Guid(729473b4bd408984e93cfa17c4e29617) Importer(815301076,1909f56bfc062723c751e8b465ee728b)  -> (artifact id: '70f00998b77cc8ddbb1e8725e5a2b461') in 0.004641 seconds
  Import took 0.007506 seconds .

========================================================================
Received Import Request.
  Time since last request: 3.122758 seconds.
  path: Assets/Sprites/Life Indicator.png
  artifactKey: Guid(729473b4bd408984e93cfa17c4e29617) Importer(815301076,1909f56bfc062723c751e8b465ee728b)
Start importing Assets/Sprites/Life Indicator.png using Guid(729473b4bd408984e93cfa17c4e29617) Importer(815301076,1909f56bfc062723c751e8b465ee728b)  -> (artifact id: '4b0cd36abf67281e99af157a6b1da0fa') in 0.010160 seconds
  Import took 0.013391 seconds .

========================================================================
Received Prepare
Registering precompiled user dll's ...
Registered in 0.001174 seconds.
Begin MonoManager ReloadAssembly
Native extension for WindowsStandalone target not found
Refreshing native plugins compatible for Editor in 0.32 ms, found 1 plugins.
Preloading 0 native plugins for Editor in 0.00 ms.
Invoked RoslynAnalysisRunner static constructor.
RoslynAnalysisRunner will not be running.
RoslynAnalysisRunner has terminated.
Mono: successfully reloaded assembly
- Completed reload, in  0.765 seconds
Platform modules already initialized, skipping
Refreshing native plugins compatible for Editor in 0.32 ms, found 1 plugins.
Preloading 0 native plugins for Editor in 0.00 ms.
Unloading 1792 Unused Serialized files (Serialized files now loaded: 0)
System memory in use before: 87.6 MB.
System memory in use after: 87.6 MB.

Unloading 12 unused Assets to reduce memory usage. Loaded Objects now: 2332.
Total: 1.719900 ms (FindLiveObjects: 0.170500 ms CreateObjectMapping: 0.062500 ms MarkObjects: 1.393100 ms  DeleteObjects: 0.093000 ms)

========================================================================
Received Import Request.
  Time since last request: 1271.354448 seconds.
  path: Assets/Sprites/New Piskel (11).png
  artifactKey: Guid(73aad05553d0e354bb0c090c3d867ad2) Importer(815301076,1909f56bfc062723c751e8b465ee728b)
Start importing Assets/Sprites/New Piskel (11).png using Guid(73aad05553d0e354bb0c090c3d867ad2) Importer(815301076,1909f56bfc062723c751e8b465ee728b)  -> (artifact id: 'bee467aa950fbcaa8fb73335c7710d0e') in 0.049916 seconds
  Import took 0.053844 seconds .

========================================================================
Received Import Request.
  Time since last request: 46.729145 seconds.
  path: Assets/Sprites/Wals.png
  artifactKey: Guid(73aad05553d0e354bb0c090c3d867ad2) Importer(815301076,1909f56bfc062723c751e8b465ee728b)
Start importing Assets/Sprites/Wals.png using Guid(73aad05553d0e354bb0c090c3d867ad2) Importer(815301076,1909f56bfc062723c751e8b465ee728b)  -> (artifact id: '610a0bd106701fb1433badac141fdf3b') in 0.008077 seconds
  Import took 0.011910 seconds .

========================================================================
Received Import Request.
  Time since last request: 20.280487 seconds.
  path: Assets/Sprites/Walls.png
  artifactKey: Guid(73aad05553d0e354bb0c090c3d867ad2) Importer(815301076,1909f56bfc062723c751e8b465ee728b)
Start importing Assets/Sprites/Walls.png using Guid(73aad05553d0e354bb0c090c3d867ad2) Importer(815301076,1909f56bfc062723c751e8b465ee728b)  -> (artifact id: '2144dfa76ad099660a6c4abc1ab43599') in 0.007140 seconds
  Import took 0.010493 seconds .

========================================================================
Received Import Request.
  Time since last request: 7.022104 seconds.
  path: Assets/Sprites/Walls.png
  artifactKey: Guid(73aad05553d0e354bb0c090c3d867ad2) Importer(815301076,1909f56bfc062723c751e8b465ee728b)
Start importing Assets/Sprites/Walls.png using Guid(73aad05553d0e354bb0c090c3d867ad2) Importer(815301076,1909f56bfc062723c751e8b465ee728b)  -> (artifact id: 'dc3b07db6945009f557d9da1e0538fb2') in 0.005707 seconds
  Import took 0.009209 seconds .

========================================================================
Received Import Request.
  Time since last request: 0.040713 seconds.
  path: Assets/Sprites/Walls.png
  artifactKey: Guid(73aad05553d0e354bb0c090c3d867ad2) Importer(815301076,1909f56bfc062723c751e8b465ee728b)
Start importing Assets/Sprites/Walls.png using Guid(73aad05553d0e354bb0c090c3d867ad2) Importer(815301076,1909f56bfc062723c751e8b465ee728b)  -> (artifact id: 'dc3b07db6945009f557d9da1e0538fb2') in 0.005317 seconds
  Import took 0.010339 seconds .

========================================================================
Received Import Request.
  Time since last request: 8.315751 seconds.
  path: Assets/Sprites/Walls.png
  artifactKey: Guid(73aad05553d0e354bb0c090c3d867ad2) Importer(815301076,1909f56bfc062723c751e8b465ee728b)
Start importing Assets/Sprites/Walls.png using Guid(73aad05553d0e354bb0c090c3d867ad2) Importer(815301076,1909f56bfc062723c751e8b465ee728b)  -> (artifact id: 'e7e504b4ac9ba0bf88dc6acf499a438c') in 0.008930 seconds
  Import took 0.011906 seconds .

========================================================================
Received Import Request.
  Time since last request: 136.450807 seconds.
  path: Assets/Sprites/New Piskel (13).png
  artifactKey: Guid(b2d66588ed2d00f46b6eb8562844a80c) Importer(815301076,1909f56bfc062723c751e8b465ee728b)
Start importing Assets/Sprites/New Piskel (13).png using Guid(b2d66588ed2d00f46b6eb8562844a80c) Importer(815301076,1909f56bfc062723c751e8b465ee728b)  -> (artifact id: '7cafc0095240d2920203a324bcaca3c7') in 0.009356 seconds
  Import took 0.012822 seconds .

========================================================================
Received Import Request.
  Time since last request: 0.003811 seconds.
  path: Assets/Sprites/New Piskel (13).png
  artifactKey: Guid(b2d66588ed2d00f46b6eb8562844a80c) Importer(815301076,1909f56bfc062723c751e8b465ee728b)
Start importing Assets/Sprites/New Piskel (13).png using Guid(b2d66588ed2d00f46b6eb8562844a80c) Importer(815301076,1909f56bfc062723c751e8b465ee728b)  -> (artifact id: '7cafc0095240d2920203a324bcaca3c7') in 0.008181 seconds
  Import took 0.011476 seconds .

========================================================================
Received Import Request.
  Time since last request: 11.151332 seconds.
  path: Assets/Sprites/Walls.png
  artifactKey: Guid(b2d66588ed2d00f46b6eb8562844a80c) Importer(815301076,1909f56bfc062723c751e8b465ee728b)
Start importing Assets/Sprites/Walls.png using Guid(b2d66588ed2d00f46b6eb8562844a80c) Importer(815301076,1909f56bfc062723c751e8b465ee728b)  -> (artifact id: '97f5c2e109ff3e81d8ee8ac4c8aded4c') in 0.006849 seconds
  Import took 0.010209 seconds .

========================================================================
Received Import Request.
  Time since last request: 3.803698 seconds.
  path: Assets/Sprites/Walls.png
  artifactKey: Guid(b2d66588ed2d00f46b6eb8562844a80c) Importer(815301076,1909f56bfc062723c751e8b465ee728b)
Start importing Assets/Sprites/Walls.png using Guid(b2d66588ed2d00f46b6eb8562844a80c) Importer(815301076,1909f56bfc062723c751e8b465ee728b)  -> (artifact id: '721a7f6d23c3db14c3da0212d411be66') in 0.005723 seconds
  Import took 0.008998 seconds .

========================================================================
Received Import Request.
  Time since last request: 0.020313 seconds.
  path: Assets/Sprites/Walls.png
  artifactKey: Guid(b2d66588ed2d00f46b6eb8562844a80c) Importer(815301076,1909f56bfc062723c751e8b465ee728b)
Start importing Assets/Sprites/Walls.png using Guid(b2d66588ed2d00f46b6eb8562844a80c) Importer(815301076,1909f56bfc062723c751e8b465ee728b)  -> (artifact id: '721a7f6d23c3db14c3da0212d411be66') in 0.005045 seconds
  Import took 0.009728 seconds .

========================================================================
Received Import Request.
  Time since last request: 5.870300 seconds.
  path: Assets/Sprites/Walls.png
  artifactKey: Guid(b2d66588ed2d00f46b6eb8562844a80c) Importer(815301076,1909f56bfc062723c751e8b465ee728b)
Start importing Assets/Sprites/Walls.png using Guid(b2d66588ed2d00f46b6eb8562844a80c) Importer(815301076,1909f56bfc062723c751e8b465ee728b)  -> (artifact id: '448d8b3f593d1446dc763433488ea6d6') in 0.017666 seconds
  Import took 0.020956 seconds .

AssetImportWorkerClient::OnTransportError - code=2 error=End of file
